[0.833s] Invoking command in '/home/diego/ros2_ws/build/turtlebot3_description': CMAKE_PREFIX_PATH=${CMAKE_PREFIX_PATH}:/home/diego/ros2_ws/install/turtlebot3_teleop:/home/diego/ros2_ws/install/turtlebot3_example:/home/diego/ros2_ws/install/guardado_movimientos_paquete:/home/diego/ros2_ws/install/examples_rclpy_minimal_subscriber:/home/diego/ros2_ws/install/examples_rclpy_minimal_service:/home/diego/ros2_ws/install/examples_rclpy_minimal_publisher:/home/diego/ros2_ws/install/examples_rclpy_minimal_client:/home/diego/ros2_ws/install/examples_rclpy_minimal_action_server:/home/diego/ros2_ws/install/examples_rclpy_minimal_action_client:/home/diego/ros2_ws/install/examples_rclpy_executors:/opt/ros/foxy /usr/bin/cmake --build /home/diego/ros2_ws/build/turtlebot3_description -- -j12 -l12
[1.471s] Invoked command in '/home/diego/ros2_ws/build/turtlebot3_description' returned '0': CMAKE_PREFIX_PATH=${CMAKE_PREFIX_PATH}:/home/diego/ros2_ws/install/turtlebot3_teleop:/home/diego/ros2_ws/install/turtlebot3_example:/home/diego/ros2_ws/install/guardado_movimientos_paquete:/home/diego/ros2_ws/install/examples_rclpy_minimal_subscriber:/home/diego/ros2_ws/install/examples_rclpy_minimal_service:/home/diego/ros2_ws/install/examples_rclpy_minimal_publisher:/home/diego/ros2_ws/install/examples_rclpy_minimal_client:/home/diego/ros2_ws/install/examples_rclpy_minimal_action_server:/home/diego/ros2_ws/install/examples_rclpy_minimal_action_client:/home/diego/ros2_ws/install/examples_rclpy_executors:/opt/ros/foxy /usr/bin/cmake --build /home/diego/ros2_ws/build/turtlebot3_description -- -j12 -l12
[1.493s] Invoking command in '/home/diego/ros2_ws/build/turtlebot3_description': CMAKE_PREFIX_PATH=${CMAKE_PREFIX_PATH}:/home/diego/ros2_ws/install/turtlebot3_teleop:/home/diego/ros2_ws/install/turtlebot3_example:/home/diego/ros2_ws/install/guardado_movimientos_paquete:/home/diego/ros2_ws/install/examples_rclpy_minimal_subscriber:/home/diego/ros2_ws/install/examples_rclpy_minimal_service:/home/diego/ros2_ws/install/examples_rclpy_minimal_publisher:/home/diego/ros2_ws/install/examples_rclpy_minimal_client:/home/diego/ros2_ws/install/examples_rclpy_minimal_action_server:/home/diego/ros2_ws/install/examples_rclpy_minimal_action_client:/home/diego/ros2_ws/install/examples_rclpy_executors:/opt/ros/foxy /usr/bin/cmake --install /home/diego/ros2_ws/build/turtlebot3_description
[1.501s] -- Install configuration: ""
[1.501s] -- Execute custom install script
[1.505s] -- Up-to-date symlink: /home/diego/ros2_ws/install/turtlebot3_description/share/turtlebot3_description/meshes/bases/burger_base.stl
[1.506s] -- Up-to-date symlink: /home/diego/ros2_ws/install/turtlebot3_description/share/turtlebot3_description/meshes/bases/waffle_base.stl
[1.506s] -- Up-to-date symlink: /home/diego/ros2_ws/install/turtlebot3_description/share/turtlebot3_description/meshes/bases/waffle_pi_base.stl
[1.506s] -- Up-to-date symlink: /home/diego/ros2_ws/install/turtlebot3_description/share/turtlebot3_description/meshes/sensors/astra.dae
[1.506s] -- Up-to-date symlink: /home/diego/ros2_ws/install/turtlebot3_description/share/turtlebot3_description/meshes/sensors/astra.jpg
[1.506s] -- Up-to-date symlink: /home/diego/ros2_ws/install/turtlebot3_description/share/turtlebot3_description/meshes/sensors/lds.stl
[1.506s] -- Up-to-date symlink: /home/diego/ros2_ws/install/turtlebot3_description/share/turtlebot3_description/meshes/sensors/r200.dae
[1.506s] -- Up-to-date symlink: /home/diego/ros2_ws/install/turtlebot3_description/share/turtlebot3_description/meshes/sensors/r200.jpg
[1.507s] -- Up-to-date symlink: /home/diego/ros2_ws/install/turtlebot3_description/share/turtlebot3_description/meshes/wheels/left_tire.stl
[1.507s] -- Up-to-date symlink: /home/diego/ros2_ws/install/turtlebot3_description/share/turtlebot3_description/meshes/wheels/right_tire.stl
[1.507s] -- Up-to-date symlink: /home/diego/ros2_ws/install/turtlebot3_description/share/turtlebot3_description/rviz/model.rviz
[1.507s] -- Up-to-date symlink: /home/diego/ros2_ws/install/turtlebot3_description/share/turtlebot3_description/urdf/common_properties.urdf
[1.507s] -- Up-to-date symlink: /home/diego/ros2_ws/install/turtlebot3_description/share/turtlebot3_description/urdf/turtlebot3_burger.urdf
[1.507s] -- Up-to-date symlink: /home/diego/ros2_ws/install/turtlebot3_description/share/turtlebot3_description/urdf/turtlebot3_waffle.urdf
[1.507s] -- Up-to-date symlink: /home/diego/ros2_ws/install/turtlebot3_description/share/turtlebot3_description/urdf/turtlebot3_waffle_pi.urdf
[1.507s] -- Up-to-date symlink: /home/diego/ros2_ws/install/turtlebot3_description/share/ament_index/resource_index/package_run_dependencies/turtlebot3_description
[1.507s] -- Up-to-date symlink: /home/diego/ros2_ws/install/turtlebot3_description/share/ament_index/resource_index/parent_prefix_path/turtlebot3_description
[1.507s] -- Up-to-date symlink: /home/diego/ros2_ws/install/turtlebot3_description/share/turtlebot3_description/environment/ament_prefix_path.sh
[1.507s] -- Up-to-date symlink: /home/diego/ros2_ws/install/turtlebot3_description/share/turtlebot3_description/environment/ament_prefix_path.dsv
[1.508s] -- Up-to-date symlink: /home/diego/ros2_ws/install/turtlebot3_description/share/turtlebot3_description/environment/path.sh
[1.508s] -- Up-to-date symlink: /home/diego/ros2_ws/install/turtlebot3_description/share/turtlebot3_description/environment/path.dsv
[1.508s] -- Up-to-date symlink: /home/diego/ros2_ws/install/turtlebot3_description/share/turtlebot3_description/local_setup.bash
[1.508s] -- Up-to-date symlink: /home/diego/ros2_ws/install/turtlebot3_description/share/turtlebot3_description/local_setup.sh
[1.508s] -- Up-to-date symlink: /home/diego/ros2_ws/install/turtlebot3_description/share/turtlebot3_description/local_setup.zsh
[1.508s] -- Up-to-date symlink: /home/diego/ros2_ws/install/turtlebot3_description/share/turtlebot3_description/local_setup.dsv
[1.508s] -- Symlinking: /home/diego/ros2_ws/install/turtlebot3_description/share/turtlebot3_description/package.dsv
[1.526s] -- Up-to-date symlink: /home/diego/ros2_ws/install/turtlebot3_description/share/ament_index/resource_index/packages/turtlebot3_description
[1.526s] -- Up-to-date symlink: /home/diego/ros2_ws/install/turtlebot3_description/share/turtlebot3_description/cmake/turtlebot3_descriptionConfig.cmake
[1.526s] -- Up-to-date symlink: /home/diego/ros2_ws/install/turtlebot3_description/share/turtlebot3_description/cmake/turtlebot3_descriptionConfig-version.cmake
[1.526s] -- Up-to-date symlink: /home/diego/ros2_ws/install/turtlebot3_description/share/turtlebot3_description/package.xml
[1.544s] Invoked command in '/home/diego/ros2_ws/build/turtlebot3_description' returned '0': CMAKE_PREFIX_PATH=${CMAKE_PREFIX_PATH}:/home/diego/ros2_ws/install/turtlebot3_teleop:/home/diego/ros2_ws/install/turtlebot3_example:/home/diego/ros2_ws/install/guardado_movimientos_paquete:/home/diego/ros2_ws/install/examples_rclpy_minimal_subscriber:/home/diego/ros2_ws/install/examples_rclpy_minimal_service:/home/diego/ros2_ws/install/examples_rclpy_minimal_publisher:/home/diego/ros2_ws/install/examples_rclpy_minimal_client:/home/diego/ros2_ws/install/examples_rclpy_minimal_action_server:/home/diego/ros2_ws/install/examples_rclpy_minimal_action_client:/home/diego/ros2_ws/install/examples_rclpy_executors:/opt/ros/foxy /usr/bin/cmake --install /home/diego/ros2_ws/build/turtlebot3_description
