running develop
running egg_info
creating guardado_movimientos_paquete.egg-info
writing guardado_movimientos_paquete.egg-info/PKG-INFO
writing dependency_links to guardado_movimientos_paquete.egg-info/dependency_links.txt
writing entry points to guardado_movimientos_paquete.egg-info/entry_points.txt
writing requirements to guardado_movimientos_paquete.egg-info/requires.txt
writing top-level names to guardado_movimientos_paquete.egg-info/top_level.txt
writing manifest file 'guardado_movimientos_paquete.egg-info/SOURCES.txt'
reading manifest file 'guardado_movimientos_paquete.egg-info/SOURCES.txt'
writing manifest file 'guardado_movimientos_paquete.egg-info/SOURCES.txt'
running build_ext
Creating /home/diego/ros2_ws/install/guardado_movimientos_paquete/lib/python3.8/site-packages/site.py
Creating /home/diego/ros2_ws/install/guardado_movimientos_paquete/lib/python3.8/site-packages/guardado-movimientos-paquete.egg-link (link to .)
Installing guardado_movimientos script to /home/diego/ros2_ws/install/guardado_movimientos_paquete/lib/guardado_movimientos_paquete

Installed /home/diego/ros2_ws/build/guardado_movimientos_paquete
running install_data
creating /home/diego/ros2_ws/install/guardado_movimientos_paquete/share/ament_index
creating /home/diego/ros2_ws/install/guardado_movimientos_paquete/share/ament_index/resource_index
creating /home/diego/ros2_ws/install/guardado_movimientos_paquete/share/ament_index/resource_index/packages
copying resource/guardado_movimientos_paquete -> /home/diego/ros2_ws/install/guardado_movimientos_paquete/share/ament_index/resource_index/packages
copying package.xml -> /home/diego/ros2_ws/install/guardado_movimientos_paquete/share/guardado_movimientos_paquete
