[0.937s] Invoking command in '/home/diego/ros2_ws/build/dynamixel_sdk': CMAKE_PREFIX_PATH=${CMAKE_PREFIX_PATH}:/home/diego/ros2_ws/install/turtlebot3_teleop:/home/diego/ros2_ws/install/turtlebot3_example:/home/diego/ros2_ws/install/guardado_movimientos_paquete:/home/diego/ros2_ws/install/examples_rclpy_minimal_subscriber:/home/diego/ros2_ws/install/examples_rclpy_minimal_service:/home/diego/ros2_ws/install/examples_rclpy_minimal_publisher:/home/diego/ros2_ws/install/examples_rclpy_minimal_client:/home/diego/ros2_ws/install/examples_rclpy_minimal_action_server:/home/diego/ros2_ws/install/examples_rclpy_minimal_action_client:/home/diego/ros2_ws/install/examples_rclpy_executors:/opt/ros/foxy /usr/bin/cmake /home/diego/ros2_ws/src/DynamixelSDK/dynamixel_sdk -DAMENT_CMAKE_SYMLINK_INSTALL=1 -DCMAKE_INSTALL_PREFIX=/home/diego/ros2_ws/install/dynamixel_sdk
[1.560s] -- The C compiler identification is GNU 9.4.0
[1.560s] -- The CXX compiler identification is GNU 9.4.0
[1.560s] -- Check for working C compiler: /usr/bin/cc
[1.560s] -- Check for working C compiler: /usr/bin/cc -- works
[1.560s] -- Detecting C compiler ABI info
[1.561s] -- Detecting C compiler ABI info - done
[1.561s] -- Detecting C compile features
[1.561s] -- Detecting C compile features - done
[1.561s] -- Check for working CXX compiler: /usr/bin/c++
[1.562s] -- Check for working CXX compiler: /usr/bin/c++ -- works
[1.562s] -- Detecting CXX compiler ABI info
[1.562s] -- Detecting CXX compiler ABI info - done
[1.562s] -- Detecting CXX compile features
[1.563s] -- Detecting CXX compile features - done
[1.563s] -- Found ament_cmake: 0.9.12 (/opt/ros/foxy/share/ament_cmake/cmake)
[1.563s] -- Found PythonInterp: /usr/bin/python3 (found suitable version "3.8.10", minimum required is "3") 
[1.563s] -- Using PYTHON_EXECUTABLE: /usr/bin/python3
[1.563s] -- Override CMake install command with custom implementation using symlinks instead of copying resources
[1.563s] -- Configuring done
[1.563s] -- Generating done
[1.563s] -- Build files have been written to: /home/diego/ros2_ws/build/dynamixel_sdk
[1.575s] Invoked command in '/home/diego/ros2_ws/build/dynamixel_sdk' returned '0': CMAKE_PREFIX_PATH=${CMAKE_PREFIX_PATH}:/home/diego/ros2_ws/install/turtlebot3_teleop:/home/diego/ros2_ws/install/turtlebot3_example:/home/diego/ros2_ws/install/guardado_movimientos_paquete:/home/diego/ros2_ws/install/examples_rclpy_minimal_subscriber:/home/diego/ros2_ws/install/examples_rclpy_minimal_service:/home/diego/ros2_ws/install/examples_rclpy_minimal_publisher:/home/diego/ros2_ws/install/examples_rclpy_minimal_client:/home/diego/ros2_ws/install/examples_rclpy_minimal_action_server:/home/diego/ros2_ws/install/examples_rclpy_minimal_action_client:/home/diego/ros2_ws/install/examples_rclpy_executors:/opt/ros/foxy /usr/bin/cmake /home/diego/ros2_ws/src/DynamixelSDK/dynamixel_sdk -DAMENT_CMAKE_SYMLINK_INSTALL=1 -DCMAKE_INSTALL_PREFIX=/home/diego/ros2_ws/install/dynamixel_sdk
[1.578s] Invoking command in '/home/diego/ros2_ws/build/dynamixel_sdk': CMAKE_PREFIX_PATH=${CMAKE_PREFIX_PATH}:/home/diego/ros2_ws/install/turtlebot3_teleop:/home/diego/ros2_ws/install/turtlebot3_example:/home/diego/ros2_ws/install/guardado_movimientos_paquete:/home/diego/ros2_ws/install/examples_rclpy_minimal_subscriber:/home/diego/ros2_ws/install/examples_rclpy_minimal_service:/home/diego/ros2_ws/install/examples_rclpy_minimal_publisher:/home/diego/ros2_ws/install/examples_rclpy_minimal_client:/home/diego/ros2_ws/install/examples_rclpy_minimal_action_server:/home/diego/ros2_ws/install/examples_rclpy_minimal_action_client:/home/diego/ros2_ws/install/examples_rclpy_executors:/opt/ros/foxy /usr/bin/cmake --build /home/diego/ros2_ws/build/dynamixel_sdk -- -j12 -l12
[1.607s] [35m[1mScanning dependencies of target dynamixel_sdk[0m
[1.633s] [ 10%] [32mBuilding CXX object CMakeFiles/dynamixel_sdk.dir/src/dynamixel_sdk/protocol1_packet_handler.cpp.o[0m
[1.637s] [ 20%] [32mBuilding CXX object CMakeFiles/dynamixel_sdk.dir/src/dynamixel_sdk/protocol2_packet_handler.cpp.o[0m
[1.637s] [ 30%] [32mBuilding CXX object CMakeFiles/dynamixel_sdk.dir/src/dynamixel_sdk/group_sync_write.cpp.o[0m
[1.638s] [ 40%] [32mBuilding CXX object CMakeFiles/dynamixel_sdk.dir/src/dynamixel_sdk/group_bulk_write.cpp.o[0m
[1.651s] [ 50%] [32mBuilding CXX object CMakeFiles/dynamixel_sdk.dir/src/dynamixel_sdk/group_bulk_read.cpp.o[0m
[1.651s] [ 60%] [32mBuilding CXX object CMakeFiles/dynamixel_sdk.dir/src/dynamixel_sdk/packet_handler.cpp.o[0m
[1.651s] [ 70%] [32mBuilding CXX object CMakeFiles/dynamixel_sdk.dir/src/dynamixel_sdk/group_sync_read.cpp.o[0m
[1.651s] [ 80%] [32mBuilding CXX object CMakeFiles/dynamixel_sdk.dir/src/dynamixel_sdk/port_handler.cpp.o[0m
[1.669s] [ 90%] [32mBuilding CXX object CMakeFiles/dynamixel_sdk.dir/src/dynamixel_sdk/port_handler_linux.cpp.o[0m
[2.332s] [100%] [32m[1mLinking CXX shared library libdynamixel_sdk.so[0m
[2.399s] [100%] Built target dynamixel_sdk
[2.842s] Invoked command in '/home/diego/ros2_ws/build/dynamixel_sdk' returned '0': CMAKE_PREFIX_PATH=${CMAKE_PREFIX_PATH}:/home/diego/ros2_ws/install/turtlebot3_teleop:/home/diego/ros2_ws/install/turtlebot3_example:/home/diego/ros2_ws/install/guardado_movimientos_paquete:/home/diego/ros2_ws/install/examples_rclpy_minimal_subscriber:/home/diego/ros2_ws/install/examples_rclpy_minimal_service:/home/diego/ros2_ws/install/examples_rclpy_minimal_publisher:/home/diego/ros2_ws/install/examples_rclpy_minimal_client:/home/diego/ros2_ws/install/examples_rclpy_minimal_action_server:/home/diego/ros2_ws/install/examples_rclpy_minimal_action_client:/home/diego/ros2_ws/install/examples_rclpy_executors:/opt/ros/foxy /usr/bin/cmake --build /home/diego/ros2_ws/build/dynamixel_sdk -- -j12 -l12
[3.192s] Invoking command in '/home/diego/ros2_ws/build/dynamixel_sdk': CMAKE_PREFIX_PATH=${CMAKE_PREFIX_PATH}:/home/diego/ros2_ws/install/turtlebot3_teleop:/home/diego/ros2_ws/install/turtlebot3_example:/home/diego/ros2_ws/install/guardado_movimientos_paquete:/home/diego/ros2_ws/install/examples_rclpy_minimal_subscriber:/home/diego/ros2_ws/install/examples_rclpy_minimal_service:/home/diego/ros2_ws/install/examples_rclpy_minimal_publisher:/home/diego/ros2_ws/install/examples_rclpy_minimal_client:/home/diego/ros2_ws/install/examples_rclpy_minimal_action_server:/home/diego/ros2_ws/install/examples_rclpy_minimal_action_client:/home/diego/ros2_ws/install/examples_rclpy_executors:/opt/ros/foxy /usr/bin/cmake --install /home/diego/ros2_ws/build/dynamixel_sdk
[3.823s] -- Install configuration: ""
[3.824s] -- Execute custom install script
[3.826s] -- Symlinking: /home/diego/ros2_ws/install/dynamixel_sdk/include//dynamixel_sdk/dynamixel_sdk.h
[3.827s] -- Symlinking: /home/diego/ros2_ws/install/dynamixel_sdk/include//dynamixel_sdk/group_bulk_read.h
[3.827s] -- Symlinking: /home/diego/ros2_ws/install/dynamixel_sdk/include//dynamixel_sdk/group_bulk_write.h
[3.827s] -- Symlinking: /home/diego/ros2_ws/install/dynamixel_sdk/include//dynamixel_sdk/group_sync_read.h
[3.827s] -- Symlinking: /home/diego/ros2_ws/install/dynamixel_sdk/include//dynamixel_sdk/group_sync_write.h
[3.827s] -- Symlinking: /home/diego/ros2_ws/install/dynamixel_sdk/include//dynamixel_sdk/packet_handler.h
[3.827s] -- Symlinking: /home/diego/ros2_ws/install/dynamixel_sdk/include//dynamixel_sdk/port_handler.h
[3.827s] -- Symlinking: /home/diego/ros2_ws/install/dynamixel_sdk/include//dynamixel_sdk/port_handler_arduino.h
[3.828s] -- Symlinking: /home/diego/ros2_ws/install/dynamixel_sdk/include//dynamixel_sdk/port_handler_linux.h
[3.828s] -- Symlinking: /home/diego/ros2_ws/install/dynamixel_sdk/include//dynamixel_sdk/port_handler_mac.h
[3.828s] -- Symlinking: /home/diego/ros2_ws/install/dynamixel_sdk/include//dynamixel_sdk/port_handler_windows.h
[3.828s] -- Symlinking: /home/diego/ros2_ws/install/dynamixel_sdk/include//dynamixel_sdk/protocol1_packet_handler.h
[3.828s] -- Symlinking: /home/diego/ros2_ws/install/dynamixel_sdk/include//dynamixel_sdk/protocol2_packet_handler.h
[3.828s] -- Symlinking: /home/diego/ros2_ws/install/dynamixel_sdk/lib/libdynamixel_sdk.so
[3.829s] -- Symlinking: /home/diego/ros2_ws/install/dynamixel_sdk/share/dynamixel_sdk/environment/library_path.sh
[3.829s] -- Symlinking: /home/diego/ros2_ws/install/dynamixel_sdk/share/dynamixel_sdk/environment/library_path.dsv
[3.829s] -- Symlinking: /home/diego/ros2_ws/install/dynamixel_sdk/share/ament_index/resource_index/package_run_dependencies/dynamixel_sdk
[3.829s] -- Symlinking: /home/diego/ros2_ws/install/dynamixel_sdk/share/ament_index/resource_index/parent_prefix_path/dynamixel_sdk
[3.829s] -- Symlinking: /home/diego/ros2_ws/install/dynamixel_sdk/share/dynamixel_sdk/environment/ament_prefix_path.sh
[3.829s] -- Symlinking: /home/diego/ros2_ws/install/dynamixel_sdk/share/dynamixel_sdk/environment/ament_prefix_path.dsv
[3.829s] -- Symlinking: /home/diego/ros2_ws/install/dynamixel_sdk/share/dynamixel_sdk/environment/path.sh
[3.829s] -- Symlinking: /home/diego/ros2_ws/install/dynamixel_sdk/share/dynamixel_sdk/environment/path.dsv
[3.829s] -- Symlinking: /home/diego/ros2_ws/install/dynamixel_sdk/share/dynamixel_sdk/local_setup.bash
[3.830s] -- Symlinking: /home/diego/ros2_ws/install/dynamixel_sdk/share/dynamixel_sdk/local_setup.sh
[3.830s] -- Symlinking: /home/diego/ros2_ws/install/dynamixel_sdk/share/dynamixel_sdk/local_setup.zsh
[3.830s] -- Symlinking: /home/diego/ros2_ws/install/dynamixel_sdk/share/dynamixel_sdk/local_setup.dsv
[3.830s] -- Symlinking: /home/diego/ros2_ws/install/dynamixel_sdk/share/dynamixel_sdk/package.dsv
[3.830s] -- Symlinking: /home/diego/ros2_ws/install/dynamixel_sdk/share/ament_index/resource_index/packages/dynamixel_sdk
[3.830s] -- Symlinking: /home/diego/ros2_ws/install/dynamixel_sdk/share/dynamixel_sdk/cmake/ament_cmake_export_include_directories-extras.cmake
[3.830s] -- Symlinking: /home/diego/ros2_ws/install/dynamixel_sdk/share/dynamixel_sdk/cmake/ament_cmake_export_libraries-extras.cmake
[3.830s] -- Symlinking: /home/diego/ros2_ws/install/dynamixel_sdk/share/dynamixel_sdk/cmake/dynamixel_sdkConfig.cmake
[3.831s] -- Symlinking: /home/diego/ros2_ws/install/dynamixel_sdk/share/dynamixel_sdk/cmake/dynamixel_sdkConfig-version.cmake
[3.831s] -- Symlinking: /home/diego/ros2_ws/install/dynamixel_sdk/share/dynamixel_sdk/package.xml
[3.832s] Invoked command in '/home/diego/ros2_ws/build/dynamixel_sdk' returned '0': CMAKE_PREFIX_PATH=${CMAKE_PREFIX_PATH}:/home/diego/ros2_ws/install/turtlebot3_teleop:/home/diego/ros2_ws/install/turtlebot3_example:/home/diego/ros2_ws/install/guardado_movimientos_paquete:/home/diego/ros2_ws/install/examples_rclpy_minimal_subscriber:/home/diego/ros2_ws/install/examples_rclpy_minimal_service:/home/diego/ros2_ws/install/examples_rclpy_minimal_publisher:/home/diego/ros2_ws/install/examples_rclpy_minimal_client:/home/diego/ros2_ws/install/examples_rclpy_minimal_action_server:/home/diego/ros2_ws/install/examples_rclpy_minimal_action_client:/home/diego/ros2_ws/install/examples_rclpy_executors:/opt/ros/foxy /usr/bin/cmake --install /home/diego/ros2_ws/build/dynamixel_sdk
