[1.441s] Invoking command in '/home/diego/ros2_ws/build/turtlebot3_example': CMAKE_PREFIX_PATH=/home/diego/ros2_ws/install/turtlebot3_msgs:/home/diego/ros2_ws/install/turtlesim:/home/diego/ros2_ws/install/turtlebot3:/home/diego/ros2_ws/install/turtlebot3_simulations:/home/diego/ros2_ws/install/turtlebot3_bringup:/home/diego/ros2_ws/install/turtlebot3_node:/home/diego/ros2_ws/install/turtlebot3_navigation2:/home/diego/ros2_ws/install/turtlebot3_fake_node:/home/diego/ros2_ws/install/turtlebot3_gazebo:/home/diego/ros2_ws/install/turtlebot3_description:/home/diego/ros2_ws/install/turtlebot3_cartographer:/home/diego/ros2_ws/install/dynamixel_sdk_examples:/home/diego/ros2_ws/install/dynamixel_sdk_custom_interfaces:/home/diego/ros2_ws/install/dynamixel_sdk LD_LIBRARY_PATH=/home/diego/ros2_ws/install/turtlebot3_msgs/lib:/home/diego/ros2_ws/install/turtlesim/lib:/home/diego/ros2_ws/install/dynamixel_sdk_custom_interfaces/lib:/home/diego/ros2_ws/install/dynamixel_sdk/lib:/usr/lib/x86_64-linux-gnu/gazebo-11/plugins:/opt/ros/foxy/opt/yaml_cpp_vendor/lib:/opt/ros/foxy/opt/rviz_ogre_vendor/lib:/opt/ros/foxy/lib/x86_64-linux-gnu:/opt/ros/foxy/lib PYTHONPATH=/home/diego/ros2_ws/build/turtlebot3_example/prefix_override:/home/diego/ros2_ws/install/turtlebot3_example/lib/python3.8/site-packages:/home/diego/ros2_ws/install/turtlebot3_msgs/lib/python3.8/site-packages:/home/diego/ros2_ws/install/turtlesim/lib/python3.8/site-packages:/home/diego/ros2_ws/build/turtlebot3_teleop:/home/diego/ros2_ws/install/turtlebot3_teleop/lib/python3.8/site-packages:/home/diego/ros2_ws/build/turtlebot3_example:/home/diego/ros2_ws/install/turtlebot3_example/lib/python3.8/site-packages:/home/diego/ros2_ws/build/guardado_movimientos_paquete:/home/diego/ros2_ws/install/guardado_movimientos_paquete/lib/python3.8/site-packages:/home/diego/ros2_ws/install/dynamixel_sdk_custom_interfaces/lib/python3.8/site-packages:/opt/ros/foxy/lib/python3.8/site-packages /usr/bin/python3 setup.py develop --editable --build-directory /home/diego/ros2_ws/build/turtlebot3_example/build --no-deps install_data
[1.708s] running develop
[1.821s] running egg_info
[1.822s] writing turtlebot3_example.egg-info/PKG-INFO
[1.822s] writing dependency_links to turtlebot3_example.egg-info/dependency_links.txt
[1.822s] writing entry points to turtlebot3_example.egg-info/entry_points.txt
[1.822s] writing requirements to turtlebot3_example.egg-info/requires.txt
[1.823s] writing top-level names to turtlebot3_example.egg-info/top_level.txt
[1.853s] reading manifest file 'turtlebot3_example.egg-info/SOURCES.txt'
[1.853s] writing manifest file 'turtlebot3_example.egg-info/SOURCES.txt'
[1.879s] running build_ext
[1.881s] Creating /home/diego/ros2_ws/install/turtlebot3_example/lib/python3.8/site-packages/turtlebot3-example.egg-link (link to .)
[1.881s] Installing turtlebot3_obstacle_detection script to /home/diego/ros2_ws/install/turtlebot3_example/lib/turtlebot3_example
[1.881s] Installing turtlebot3_patrol_client script to /home/diego/ros2_ws/install/turtlebot3_example/lib/turtlebot3_example
[1.882s] Installing turtlebot3_patrol_server script to /home/diego/ros2_ws/install/turtlebot3_example/lib/turtlebot3_example
[1.882s] Installing turtlebot3_position_control script to /home/diego/ros2_ws/install/turtlebot3_example/lib/turtlebot3_example
[1.882s] 
[1.882s] Installed /home/diego/ros2_ws/build/turtlebot3_example
[1.882s] running install_data
[1.959s] Invoked command in '/home/diego/ros2_ws/build/turtlebot3_example' returned '0': CMAKE_PREFIX_PATH=/home/diego/ros2_ws/install/turtlebot3_msgs:/home/diego/ros2_ws/install/turtlesim:/home/diego/ros2_ws/install/turtlebot3:/home/diego/ros2_ws/install/turtlebot3_simulations:/home/diego/ros2_ws/install/turtlebot3_bringup:/home/diego/ros2_ws/install/turtlebot3_node:/home/diego/ros2_ws/install/turtlebot3_navigation2:/home/diego/ros2_ws/install/turtlebot3_fake_node:/home/diego/ros2_ws/install/turtlebot3_gazebo:/home/diego/ros2_ws/install/turtlebot3_description:/home/diego/ros2_ws/install/turtlebot3_cartographer:/home/diego/ros2_ws/install/dynamixel_sdk_examples:/home/diego/ros2_ws/install/dynamixel_sdk_custom_interfaces:/home/diego/ros2_ws/install/dynamixel_sdk LD_LIBRARY_PATH=/home/diego/ros2_ws/install/turtlebot3_msgs/lib:/home/diego/ros2_ws/install/turtlesim/lib:/home/diego/ros2_ws/install/dynamixel_sdk_custom_interfaces/lib:/home/diego/ros2_ws/install/dynamixel_sdk/lib:/usr/lib/x86_64-linux-gnu/gazebo-11/plugins:/opt/ros/foxy/opt/yaml_cpp_vendor/lib:/opt/ros/foxy/opt/rviz_ogre_vendor/lib:/opt/ros/foxy/lib/x86_64-linux-gnu:/opt/ros/foxy/lib PYTHONPATH=/home/diego/ros2_ws/build/turtlebot3_example/prefix_override:/home/diego/ros2_ws/install/turtlebot3_example/lib/python3.8/site-packages:/home/diego/ros2_ws/install/turtlebot3_msgs/lib/python3.8/site-packages:/home/diego/ros2_ws/install/turtlesim/lib/python3.8/site-packages:/home/diego/ros2_ws/build/turtlebot3_teleop:/home/diego/ros2_ws/install/turtlebot3_teleop/lib/python3.8/site-packages:/home/diego/ros2_ws/build/turtlebot3_example:/home/diego/ros2_ws/install/turtlebot3_example/lib/python3.8/site-packages:/home/diego/ros2_ws/build/guardado_movimientos_paquete:/home/diego/ros2_ws/install/guardado_movimientos_paquete/lib/python3.8/site-packages:/home/diego/ros2_ws/install/dynamixel_sdk_custom_interfaces/lib/python3.8/site-packages:/opt/ros/foxy/lib/python3.8/site-packages /usr/bin/python3 setup.py develop --editable --build-directory /home/diego/ros2_ws/build/turtlebot3_example/build --no-deps install_data
