[0.709s] Invoking command in '/home/diego/ros2_ws/build/turtlebot3_gazebo': CMAKE_PREFIX_PATH=/home/diego/ros2_ws/install/turtlebot3_description:/home/diego/ros2_ws/install/turtlesim:/home/diego/ros2_ws/install/turtlebot3:/home/diego/ros2_ws/install/turtlebot3_simulations:/home/diego/ros2_ws/install/turtlebot3_bringup:/home/diego/ros2_ws/install/turtlebot3_node:/home/diego/ros2_ws/install/turtlebot3_navigation2:/home/diego/ros2_ws/install/turtlebot3_fake_node:/home/diego/ros2_ws/install/turtlebot3_msgs:/home/diego/ros2_ws/install/turtlebot3_gazebo:/home/diego/ros2_ws/install/turtlebot3_cartographer:/home/diego/ros2_ws/install/examples_rclcpp_multithreaded_executor:/home/diego/ros2_ws/install/examples_rclcpp_minimal_timer:/home/diego/ros2_ws/install/examples_rclcpp_minimal_subscriber:/home/diego/ros2_ws/install/examples_rclcpp_minimal_service:/home/diego/ros2_ws/install/examples_rclcpp_minimal_publisher:/home/diego/ros2_ws/install/examples_rclcpp_minimal_composition:/home/diego/ros2_ws/install/examples_rclcpp_minimal_client:/home/diego/ros2_ws/install/examples_rclcpp_minimal_action_server:/home/diego/ros2_ws/install/examples_rclcpp_minimal_action_client:/home/diego/ros2_ws/install/dynamixel_sdk_examples:/home/diego/ros2_ws/install/dynamixel_sdk_custom_interfaces:/home/diego/ros2_ws/install/dynamixel_sdk:/home/diego/ros2_ws/install/turtlebot3_teleop:/home/diego/ros2_ws/install/turtlebot3_example:/home/diego/ros2_ws/install/guardado_movimientos_paquete:/home/diego/ros2_ws/install/examples_rclpy_minimal_subscriber:/home/diego/ros2_ws/install/examples_rclpy_minimal_service:/home/diego/ros2_ws/install/examples_rclpy_minimal_publisher:/home/diego/ros2_ws/install/examples_rclpy_minimal_client:/home/diego/ros2_ws/install/examples_rclpy_minimal_action_server:/home/diego/ros2_ws/install/examples_rclpy_minimal_action_client:/home/diego/ros2_ws/install/examples_rclpy_executors:/opt/ros/foxy /usr/bin/cmake /home/diego/ros2_ws/src/turtlebot3_simulations/turtlebot3_gazebo -DAMENT_CMAKE_SYMLINK_INSTALL=1 -DCMAKE_INSTALL_PREFIX=/home/diego/ros2_ws/install/turtlebot3_gazebo
[0.776s] -- The C compiler identification is GNU 9.4.0
[0.852s] -- The CXX compiler identification is GNU 9.4.0
[0.859s] -- Check for working C compiler: /usr/bin/cc
[0.977s] -- Check for working C compiler: /usr/bin/cc -- works
[0.977s] -- Detecting C compiler ABI info
[1.048s] -- Detecting C compiler ABI info - done
[1.059s] -- Detecting C compile features
[1.061s] -- Detecting C compile features - done
[1.062s] -- Check for working CXX compiler: /usr/bin/c++
[1.140s] -- Check for working CXX compiler: /usr/bin/c++ -- works
[1.141s] -- Detecting CXX compiler ABI info
[1.225s] -- Detecting CXX compiler ABI info - done
[1.238s] -- Detecting CXX compile features
[1.238s] -- Detecting CXX compile features - done
[1.241s] -- Found ament_cmake: 0.9.12 (/opt/ros/foxy/share/ament_cmake/cmake)
[1.277s] -- Found PythonInterp: /usr/bin/python3 (found suitable version "3.8.10", minimum required is "3") 
[1.277s] -- Using PYTHON_EXECUTABLE: /usr/bin/python3
[1.503s] -- Override CMake install command with custom implementation using symlinks instead of copying resources
[1.544s] -- Found PkgConfig: /usr/bin/pkg-config (found version "0.29.1") 
[1.549s] -- Checking for module 'bullet>=2.82'
[1.564s] --   Found bullet, version 2.88
[1.723s] -- Found ccd: /usr/include (found suitable version "2.0", minimum required is "2.0") 
[1.889s] -- Found fcl: /usr/include (found suitable version "0.5.0", minimum required is "0.3.2") 
[2.066s] -- Found assimp: /usr/include (found version "5.0.0") 
[2.142s] -- Found DART: /usr/include (Required is at least version "6.6") found components: dart 
[2.553s] -- Found Boost: /usr/lib/x86_64-linux-gnu/cmake/Boost-1.71.0/BoostConfig.cmake (found suitable version "1.71.0", minimum required is "1.40.0") found components: thread system filesystem program_options regex iostreams date_time 
[2.593s] -- Found Protobuf: /usr/lib/x86_64-linux-gnu/libprotobuf.so;-lpthread (found version "3.6.1") 
[2.602s] -- Looking for ignition-math6 -- found version 6.15.0
[2.613s] -- Searching for dependencies of ignition-math6
[2.616s] -- Looking for OGRE...
[2.617s] -- OGRE_PREFIX_WATCH changed.
[2.624s] -- Checking for module 'OGRE'
[2.649s] --   Found OGRE, version 1.9.0
[2.725s] -- Found Ogre Ghadamon (1.9.0)
[2.746s] -- Found OGRE: optimized;/usr/lib/x86_64-linux-gnu/libOgreMain.so;debug;/usr/lib/x86_64-linux-gnu/libOgreMain.so
[2.763s] -- Looking for OGRE_Paging...
[2.788s] -- Found OGRE_Paging: optimized;/usr/lib/x86_64-linux-gnu/libOgrePaging.so;debug;/usr/lib/x86_64-linux-gnu/libOgrePaging.so
[2.788s] -- Looking for OGRE_Terrain...
[2.805s] -- Found OGRE_Terrain: optimized;/usr/lib/x86_64-linux-gnu/libOgreTerrain.so;debug;/usr/lib/x86_64-linux-gnu/libOgreTerrain.so
[2.806s] -- Looking for OGRE_Property...
[2.823s] -- Found OGRE_Property: optimized;/usr/lib/x86_64-linux-gnu/libOgreProperty.so;debug;/usr/lib/x86_64-linux-gnu/libOgreProperty.so
[2.824s] -- Looking for OGRE_RTShaderSystem...
[2.842s] -- Found OGRE_RTShaderSystem: optimized;/usr/lib/x86_64-linux-gnu/libOgreRTShaderSystem.so;debug;/usr/lib/x86_64-linux-gnu/libOgreRTShaderSystem.so
[2.842s] -- Looking for OGRE_Volume...
[2.860s] -- Found OGRE_Volume: optimized;/usr/lib/x86_64-linux-gnu/libOgreVolume.so;debug;/usr/lib/x86_64-linux-gnu/libOgreVolume.so
[2.861s] -- Looking for OGRE_Overlay...
[2.883s] -- Found OGRE_Overlay: optimized;/usr/lib/x86_64-linux-gnu/libOgreOverlay.so;debug;/usr/lib/x86_64-linux-gnu/libOgreOverlay.so
[3.427s] -- Looking for ignition-math6 -- found version 6.15.0
[3.432s] -- Looking for ignition-transport8 -- found version 8.4.0
[3.433s] -- Searching for dependencies of ignition-transport8
[3.477s] -- Found Protobuf: /usr/lib/x86_64-linux-gnu/libprotobuf.so;-lpthread (found suitable version "3.6.1", minimum required is "3") 
[3.497s] -- Config-file not installed for ZeroMQ -- checking for pkg-config
[3.509s] -- Checking for module 'libzmq >= 4'
[3.593s] --   Found libzmq , version 4.3.2
[3.840s] -- Found ZeroMQ: TRUE (Required is at least version "4") 
[3.861s] -- Checking for module 'uuid'
[3.995s] --   Found uuid, version 2.34.0
[4.282s] -- Found UUID: TRUE  
[4.288s] -- Looking for ignition-msgs5 -- found version 5.11.0
[4.288s] -- Searching for dependencies of ignition-msgs5
[4.368s] -- Looking for ignition-math6 -- found version 6.15.0
[4.389s] -- Checking for module 'tinyxml2'
[4.495s] --   Found tinyxml2, version 6.2.0
[4.739s] -- Looking for ignition-msgs5 -- found version 5.11.0
[4.755s] -- Looking for ignition-common3 -- found version 3.16.0
[4.756s] -- Searching for dependencies of ignition-common3
[4.757s] -- Looking for dlfcn.h - found
[4.762s] -- Looking for libdl - found
[4.762s] -- Found DL: TRUE  
[4.786s] -- Searching for <ignition-common3> component [graphics]
[4.806s] -- Looking for ignition-common3-graphics -- found version 3.16.0
[4.807s] -- Searching for dependencies of ignition-common3-graphics
[4.807s] -- Looking for ignition-math6 -- found version 6.15.0
[4.813s] -- Looking for ignition-fuel_tools4 -- found version 4.9.0
[4.814s] -- Searching for dependencies of ignition-fuel_tools4
[5.126s] -- Found CURL: /usr/lib/x86_64-linux-gnu/libcurl.so (found version "7.68.0")  
[5.177s] -- Checking for module 'jsoncpp'
[5.293s] --   Found jsoncpp, version 1.7.4
[5.615s] -- Found JSONCPP: TRUE  
[5.650s] -- Checking for module 'libzip'
[5.714s] --   Found libzip, version 1.5.1
[5.903s] -- Found ZIP: TRUE  
[5.904s] -- Looking for ignition-common3 -- found version 3.16.0
[5.905s] -- Looking for ignition-math6 -- found version 6.15.0
[5.906s] -- Looking for ignition-msgs5 -- found version 5.11.0
[5.911s] -- Found gazebo_ros_pkgs: 3.5.3 (/opt/ros/foxy/share/gazebo_ros_pkgs/cmake)
[5.914s] -- Found geometry_msgs: 2.0.5 (/opt/ros/foxy/share/geometry_msgs/cmake)
[5.993s] -- Using all available rosidl_typesupport_c: rosidl_typesupport_fastrtps_c;rosidl_typesupport_introspection_c
[6.019s] -- Found rosidl_adapter: 1.3.1 (/opt/ros/foxy/share/rosidl_adapter/cmake)
[6.442s] -- Found OpenSSL: /usr/lib/x86_64-linux-gnu/libcrypto.so (found version "1.1.1f")  
[6.510s] -- Found FastRTPS: /opt/ros/foxy/include  
[6.720s] -- Using all available rosidl_typesupport_cpp: rosidl_typesupport_fastrtps_cpp;rosidl_typesupport_introspection_cpp
[6.922s] -- Found nav_msgs: 2.0.5 (/opt/ros/foxy/share/nav_msgs/cmake)
[7.020s] -- Found rclcpp: 2.4.3 (/opt/ros/foxy/share/rclcpp/cmake)
[7.077s] -- Found rmw_implementation_cmake: 1.0.4 (/opt/ros/foxy/share/rmw_implementation_cmake/cmake)
[7.079s] -- Using RMW implementation 'rmw_fastrtps_cpp' as default
[7.082s] -- Found Threads: TRUE  
[7.251s] -- Found sensor_msgs: 2.0.5 (/opt/ros/foxy/share/sensor_msgs/cmake)
[7.335s] -- Found tf2: 0.13.14 (/opt/ros/foxy/share/tf2/cmake)
[7.447s] -- Configuring done
[7.489s] -- Generating done
[7.492s] -- Build files have been written to: /home/diego/ros2_ws/build/turtlebot3_gazebo
[7.508s] Invoked command in '/home/diego/ros2_ws/build/turtlebot3_gazebo' returned '0': CMAKE_PREFIX_PATH=/home/diego/ros2_ws/install/turtlebot3_description:/home/diego/ros2_ws/install/turtlesim:/home/diego/ros2_ws/install/turtlebot3:/home/diego/ros2_ws/install/turtlebot3_simulations:/home/diego/ros2_ws/install/turtlebot3_bringup:/home/diego/ros2_ws/install/turtlebot3_node:/home/diego/ros2_ws/install/turtlebot3_navigation2:/home/diego/ros2_ws/install/turtlebot3_fake_node:/home/diego/ros2_ws/install/turtlebot3_msgs:/home/diego/ros2_ws/install/turtlebot3_gazebo:/home/diego/ros2_ws/install/turtlebot3_cartographer:/home/diego/ros2_ws/install/examples_rclcpp_multithreaded_executor:/home/diego/ros2_ws/install/examples_rclcpp_minimal_timer:/home/diego/ros2_ws/install/examples_rclcpp_minimal_subscriber:/home/diego/ros2_ws/install/examples_rclcpp_minimal_service:/home/diego/ros2_ws/install/examples_rclcpp_minimal_publisher:/home/diego/ros2_ws/install/examples_rclcpp_minimal_composition:/home/diego/ros2_ws/install/examples_rclcpp_minimal_client:/home/diego/ros2_ws/install/examples_rclcpp_minimal_action_server:/home/diego/ros2_ws/install/examples_rclcpp_minimal_action_client:/home/diego/ros2_ws/install/dynamixel_sdk_examples:/home/diego/ros2_ws/install/dynamixel_sdk_custom_interfaces:/home/diego/ros2_ws/install/dynamixel_sdk:/home/diego/ros2_ws/install/turtlebot3_teleop:/home/diego/ros2_ws/install/turtlebot3_example:/home/diego/ros2_ws/install/guardado_movimientos_paquete:/home/diego/ros2_ws/install/examples_rclpy_minimal_subscriber:/home/diego/ros2_ws/install/examples_rclpy_minimal_service:/home/diego/ros2_ws/install/examples_rclpy_minimal_publisher:/home/diego/ros2_ws/install/examples_rclpy_minimal_client:/home/diego/ros2_ws/install/examples_rclpy_minimal_action_server:/home/diego/ros2_ws/install/examples_rclpy_minimal_action_client:/home/diego/ros2_ws/install/examples_rclpy_executors:/opt/ros/foxy /usr/bin/cmake /home/diego/ros2_ws/src/turtlebot3_simulations/turtlebot3_gazebo -DAMENT_CMAKE_SYMLINK_INSTALL=1 -DCMAKE_INSTALL_PREFIX=/home/diego/ros2_ws/install/turtlebot3_gazebo
[7.512s] Invoking command in '/home/diego/ros2_ws/build/turtlebot3_gazebo': CMAKE_PREFIX_PATH=/home/diego/ros2_ws/install/turtlebot3_description:/home/diego/ros2_ws/install/turtlesim:/home/diego/ros2_ws/install/turtlebot3:/home/diego/ros2_ws/install/turtlebot3_simulations:/home/diego/ros2_ws/install/turtlebot3_bringup:/home/diego/ros2_ws/install/turtlebot3_node:/home/diego/ros2_ws/install/turtlebot3_navigation2:/home/diego/ros2_ws/install/turtlebot3_fake_node:/home/diego/ros2_ws/install/turtlebot3_msgs:/home/diego/ros2_ws/install/turtlebot3_gazebo:/home/diego/ros2_ws/install/turtlebot3_cartographer:/home/diego/ros2_ws/install/examples_rclcpp_multithreaded_executor:/home/diego/ros2_ws/install/examples_rclcpp_minimal_timer:/home/diego/ros2_ws/install/examples_rclcpp_minimal_subscriber:/home/diego/ros2_ws/install/examples_rclcpp_minimal_service:/home/diego/ros2_ws/install/examples_rclcpp_minimal_publisher:/home/diego/ros2_ws/install/examples_rclcpp_minimal_composition:/home/diego/ros2_ws/install/examples_rclcpp_minimal_client:/home/diego/ros2_ws/install/examples_rclcpp_minimal_action_server:/home/diego/ros2_ws/install/examples_rclcpp_minimal_action_client:/home/diego/ros2_ws/install/dynamixel_sdk_examples:/home/diego/ros2_ws/install/dynamixel_sdk_custom_interfaces:/home/diego/ros2_ws/install/dynamixel_sdk:/home/diego/ros2_ws/install/turtlebot3_teleop:/home/diego/ros2_ws/install/turtlebot3_example:/home/diego/ros2_ws/install/guardado_movimientos_paquete:/home/diego/ros2_ws/install/examples_rclpy_minimal_subscriber:/home/diego/ros2_ws/install/examples_rclpy_minimal_service:/home/diego/ros2_ws/install/examples_rclpy_minimal_publisher:/home/diego/ros2_ws/install/examples_rclpy_minimal_client:/home/diego/ros2_ws/install/examples_rclpy_minimal_action_server:/home/diego/ros2_ws/install/examples_rclpy_minimal_action_client:/home/diego/ros2_ws/install/examples_rclpy_executors:/opt/ros/foxy /usr/bin/cmake --build /home/diego/ros2_ws/build/turtlebot3_gazebo -- -j12 -l12
[7.578s] [35m[1mScanning dependencies of target obstacle1[0m
[7.586s] [35m[1mScanning dependencies of target turtlebot3_drive[0m
[7.595s] [35m[1mScanning dependencies of target obstacles[0m
[7.595s] [35m[1mScanning dependencies of target obstacle2[0m
[7.724s] [ 12%] [32mBuilding CXX object CMakeFiles/turtlebot3_drive.dir/src/turtlebot3_drive.cpp.o[0m
[7.895s] [ 25%] [32mBuilding CXX object CMakeFiles/obstacle2.dir/models/turtlebot3_dqn_world/obstacle_plugin/obstacle2.cc.o[0m
[7.912s] [ 37%] [32mBuilding CXX object CMakeFiles/obstacles.dir/models/turtlebot3_dqn_world/obstacle_plugin/obstacles.cc.o[0m
[7.944s] [ 50%] [32mBuilding CXX object CMakeFiles/obstacle1.dir/models/turtlebot3_dqn_world/obstacle_plugin/obstacle1.cc.o[0m
[21.911s] [ 62%] [32m[1mLinking CXX executable turtlebot3_drive[0m
[22.608s] [ 62%] Built target turtlebot3_drive
[26.100s] [ 75%] [32m[1mLinking CXX shared library libobstacles.so[0m
[26.323s] [ 87%] [32m[1mLinking CXX shared library libobstacle1.so[0m
[26.504s] [ 87%] Built target obstacles
[26.664s] [100%] [32m[1mLinking CXX shared library libobstacle2.so[0m
[26.695s] [100%] Built target obstacle1
[26.997s] [100%] Built target obstacle2
