[1.882s] Invoking command in '/home/diego/ros2_ws/build/turtlebot3_example': CMAKE_PREFIX_PATH=/home/diego/ros2_ws/install/turtlebot3_msgs:/home/diego/ros2_ws/install/turtlesim:/home/diego/ros2_ws/install/turtlebot3:/home/diego/ros2_ws/install/turtlebot3_simulations:/home/diego/ros2_ws/install/turtlebot3_bringup:/home/diego/ros2_ws/install/turtlebot3_node:/home/diego/ros2_ws/install/turtlebot3_navigation2:/home/diego/ros2_ws/install/turtlebot3_fake_node:/home/diego/ros2_ws/install/turtlebot3_gazebo:/home/diego/ros2_ws/install/turtlebot3_description:/home/diego/ros2_ws/install/turtlebot3_cartographer:/home/diego/ros2_ws/install/examples_rclcpp_multithreaded_executor:/home/diego/ros2_ws/install/examples_rclcpp_minimal_timer:/home/diego/ros2_ws/install/examples_rclcpp_minimal_subscriber:/home/diego/ros2_ws/install/examples_rclcpp_minimal_service:/home/diego/ros2_ws/install/examples_rclcpp_minimal_publisher:/home/diego/ros2_ws/install/examples_rclcpp_minimal_composition:/home/diego/ros2_ws/install/examples_rclcpp_minimal_client:/home/diego/ros2_ws/install/examples_rclcpp_minimal_action_server:/home/diego/ros2_ws/install/examples_rclcpp_minimal_action_client:/home/diego/ros2_ws/install/dynamixel_sdk_examples:/home/diego/ros2_ws/install/dynamixel_sdk_custom_interfaces:/home/diego/ros2_ws/install/dynamixel_sdk LD_LIBRARY_PATH=/home/diego/ros2_ws/install/turtlebot3_msgs/lib:/home/diego/ros2_ws/install/turtlesim/lib:/home/diego/ros2_ws/install/examples_rclcpp_minimal_composition/lib:/home/diego/ros2_ws/install/dynamixel_sdk_custom_interfaces/lib:/home/diego/ros2_ws/install/dynamixel_sdk/lib:/usr/lib/x86_64-linux-gnu/gazebo-11/plugins:/opt/ros/foxy/opt/yaml_cpp_vendor/lib:/opt/ros/foxy/opt/rviz_ogre_vendor/lib:/opt/ros/foxy/lib/x86_64-linux-gnu:/opt/ros/foxy/lib PYTHONPATH=/home/diego/ros2_ws/build/turtlebot3_example/prefix_override:/home/diego/ros2_ws/install/turtlebot3_example/lib/python3.8/site-packages:/home/diego/ros2_ws/install/turtlebot3_msgs/lib/python3.8/site-packages:/home/diego/ros2_ws/install/turtlesim/lib/python3.8/site-packages:/home/diego/ros2_ws/build/turtlebot3_teleop:/home/diego/ros2_ws/install/turtlebot3_teleop/lib/python3.8/site-packages:/home/diego/ros2_ws/build/turtlebot3_example:/home/diego/ros2_ws/install/turtlebot3_example/lib/python3.8/site-packages:/home/diego/ros2_ws/build/guardado_movimientos_paquete:/home/diego/ros2_ws/install/guardado_movimientos_paquete/lib/python3.8/site-packages:/home/diego/ros2_ws/build/examples_rclpy_minimal_subscriber:/home/diego/ros2_ws/install/examples_rclpy_minimal_subscriber/lib/python3.8/site-packages:/home/diego/ros2_ws/build/examples_rclpy_minimal_service:/home/diego/ros2_ws/install/examples_rclpy_minimal_service/lib/python3.8/site-packages:/home/diego/ros2_ws/build/examples_rclpy_minimal_publisher:/home/diego/ros2_ws/install/examples_rclpy_minimal_publisher/lib/python3.8/site-packages:/home/diego/ros2_ws/build/examples_rclpy_minimal_client:/home/diego/ros2_ws/install/examples_rclpy_minimal_client/lib/python3.8/site-packages:/home/diego/ros2_ws/build/examples_rclpy_minimal_action_server:/home/diego/ros2_ws/install/examples_rclpy_minimal_action_server/lib/python3.8/site-packages:/home/diego/ros2_ws/build/examples_rclpy_minimal_action_client:/home/diego/ros2_ws/install/examples_rclpy_minimal_action_client/lib/python3.8/site-packages:/home/diego/ros2_ws/build/examples_rclpy_executors:/home/diego/ros2_ws/install/examples_rclpy_executors/lib/python3.8/site-packages:/home/diego/ros2_ws/install/dynamixel_sdk_custom_interfaces/lib/python3.8/site-packages:/opt/ros/foxy/lib/python3.8/site-packages /usr/bin/python3 setup.py develop --editable --build-directory /home/diego/ros2_ws/build/turtlebot3_example/build --no-deps install_data
[2.383s] running develop
[2.599s] running egg_info
[2.599s] creating turtlebot3_example.egg-info
[2.600s] writing turtlebot3_example.egg-info/PKG-INFO
[2.601s] writing dependency_links to turtlebot3_example.egg-info/dependency_links.txt
[2.602s] writing entry points to turtlebot3_example.egg-info/entry_points.txt
[2.602s] writing requirements to turtlebot3_example.egg-info/requires.txt
[2.603s] writing top-level names to turtlebot3_example.egg-info/top_level.txt
[2.605s] writing manifest file 'turtlebot3_example.egg-info/SOURCES.txt'
[2.660s] reading manifest file 'turtlebot3_example.egg-info/SOURCES.txt'
[2.662s] writing manifest file 'turtlebot3_example.egg-info/SOURCES.txt'
[2.720s] running build_ext
[2.721s] Creating /home/diego/ros2_ws/install/turtlebot3_example/lib/python3.8/site-packages/site.py
[2.725s] Creating /home/diego/ros2_ws/install/turtlebot3_example/lib/python3.8/site-packages/turtlebot3-example.egg-link (link to .)
[2.727s] Installing turtlebot3_obstacle_detection script to /home/diego/ros2_ws/install/turtlebot3_example/lib/turtlebot3_example
[2.728s] Installing turtlebot3_patrol_client script to /home/diego/ros2_ws/install/turtlebot3_example/lib/turtlebot3_example
[2.729s] Installing turtlebot3_patrol_server script to /home/diego/ros2_ws/install/turtlebot3_example/lib/turtlebot3_example
[2.730s] Installing turtlebot3_position_control script to /home/diego/ros2_ws/install/turtlebot3_example/lib/turtlebot3_example
[2.730s] 
[2.731s] Installed /home/diego/ros2_ws/build/turtlebot3_example
[2.731s] running install_data
[2.731s] creating /home/diego/ros2_ws/install/turtlebot3_example/share/ament_index
[2.732s] creating /home/diego/ros2_ws/install/turtlebot3_example/share/ament_index/resource_index
[2.732s] creating /home/diego/ros2_ws/install/turtlebot3_example/share/ament_index/resource_index/packages
[2.733s] copying resource/turtlebot3_example -> /home/diego/ros2_ws/install/turtlebot3_example/share/ament_index/resource_index/packages
[2.734s] copying package.xml -> /home/diego/ros2_ws/install/turtlebot3_example/share/turtlebot3_example
