[  1%] Built target turtlesim__cpp
[ 11%] Built target turtlesim__rosidl_generator_c
[ 21%] Built target turtlesim__rosidl_typesupport_introspection_cpp
[ 31%] Built target turtlesim__rosidl_typesupport_cpp
[ 41%] Built target turtlesim__rosidl_typesupport_introspection_c
[ 51%] Built target turtlesim__rosidl_typesupport_fastrtps_cpp
[ 61%] Built target turtlesim__rosidl_typesupport_c
[ 71%] Built target turtlesim__rosidl_typesupport_fastrtps_c
[ 71%] Built target turtlesim
[ 72%] Built target turtlesim__py
[ 74%] Built target mimic
[ 76%] Built target draw_square
[ 78%] Built target turtle_teleop_key
[ 87%] Built target turtlesim__python
[ 93%] Built target turtlesim_node
[ 97%] Built target turtlesim__rosidl_typesupport_introspection_c__pyext
[ 97%] Built target turtlesim__rosidl_typesupport_fastrtps_c__pyext
[100%] Built target turtlesim__rosidl_typesupport_c__pyext
-- Install configuration: ""
-- Execute custom install script
-- Symlinking: /home/diego/ros2_ws/install/turtlesim/share/ament_index/resource_index/rosidl_interfaces/turtlesim
-- Symlinking: /home/diego/ros2_ws/install/turtlesim/include/turtlesim/action/detail/rotate_absolute__functions.h
-- Symlinking: /home/diego/ros2_ws/install/turtlesim/include/turtlesim/action/detail/rotate_absolute__struct.h
-- Symlinking: /home/diego/ros2_ws/install/turtlesim/include/turtlesim/action/detail/rotate_absolute__type_support.h
-- Symlinking: /home/diego/ros2_ws/install/turtlesim/include/turtlesim/action/rotate_absolute.h
-- Symlinking: /home/diego/ros2_ws/install/turtlesim/include/turtlesim/msg/color.h
-- Symlinking: /home/diego/ros2_ws/install/turtlesim/include/turtlesim/msg/detail/color__functions.h
-- Symlinking: /home/diego/ros2_ws/install/turtlesim/include/turtlesim/msg/detail/color__struct.h
-- Symlinking: /home/diego/ros2_ws/install/turtlesim/include/turtlesim/msg/detail/color__type_support.h
-- Symlinking: /home/diego/ros2_ws/install/turtlesim/include/turtlesim/msg/detail/pose__functions.h
-- Symlinking: /home/diego/ros2_ws/install/turtlesim/include/turtlesim/msg/detail/pose__struct.h
-- Symlinking: /home/diego/ros2_ws/install/turtlesim/include/turtlesim/msg/detail/pose__type_support.h
-- Symlinking: /home/diego/ros2_ws/install/turtlesim/include/turtlesim/msg/pose.h
-- Symlinking: /home/diego/ros2_ws/install/turtlesim/include/turtlesim/msg/rosidl_generator_c__visibility_control.h
-- Symlinking: /home/diego/ros2_ws/install/turtlesim/include/turtlesim/srv/detail/kill__functions.h
-- Symlinking: /home/diego/ros2_ws/install/turtlesim/include/turtlesim/srv/detail/kill__struct.h
-- Symlinking: /home/diego/ros2_ws/install/turtlesim/include/turtlesim/srv/detail/kill__type_support.h
-- Symlinking: /home/diego/ros2_ws/install/turtlesim/include/turtlesim/srv/detail/set_pen__functions.h
-- Symlinking: /home/diego/ros2_ws/install/turtlesim/include/turtlesim/srv/detail/set_pen__struct.h
-- Symlinking: /home/diego/ros2_ws/install/turtlesim/include/turtlesim/srv/detail/set_pen__type_support.h
-- Symlinking: /home/diego/ros2_ws/install/turtlesim/include/turtlesim/srv/detail/spawn__functions.h
-- Symlinking: /home/diego/ros2_ws/install/turtlesim/include/turtlesim/srv/detail/spawn__struct.h
-- Symlinking: /home/diego/ros2_ws/install/turtlesim/include/turtlesim/srv/detail/spawn__type_support.h
-- Symlinking: /home/diego/ros2_ws/install/turtlesim/include/turtlesim/srv/detail/teleport_absolute__functions.h
-- Symlinking: /home/diego/ros2_ws/install/turtlesim/include/turtlesim/srv/detail/teleport_absolute__struct.h
-- Symlinking: /home/diego/ros2_ws/install/turtlesim/include/turtlesim/srv/detail/teleport_absolute__type_support.h
-- Symlinking: /home/diego/ros2_ws/install/turtlesim/include/turtlesim/srv/detail/teleport_relative__functions.h
-- Symlinking: /home/diego/ros2_ws/install/turtlesim/include/turtlesim/srv/detail/teleport_relative__struct.h
-- Symlinking: /home/diego/ros2_ws/install/turtlesim/include/turtlesim/srv/detail/teleport_relative__type_support.h
-- Symlinking: /home/diego/ros2_ws/install/turtlesim/include/turtlesim/srv/kill.h
-- Symlinking: /home/diego/ros2_ws/install/turtlesim/include/turtlesim/srv/set_pen.h
-- Symlinking: /home/diego/ros2_ws/install/turtlesim/include/turtlesim/srv/spawn.h
-- Symlinking: /home/diego/ros2_ws/install/turtlesim/include/turtlesim/srv/teleport_absolute.h
-- Symlinking: /home/diego/ros2_ws/install/turtlesim/include/turtlesim/srv/teleport_relative.h
-- Symlinking: /home/diego/ros2_ws/install/turtlesim/share/turtlesim/environment/library_path.sh
-- Symlinking: /home/diego/ros2_ws/install/turtlesim/share/turtlesim/environment/library_path.dsv
-- Symlinking: /home/diego/ros2_ws/install/turtlesim/include/turtlesim/action/detail/rotate_absolute__rosidl_typesupport_fastrtps_c.h
-- Symlinking: /home/diego/ros2_ws/install/turtlesim/include/turtlesim/msg/detail/color__rosidl_typesupport_fastrtps_c.h
-- Symlinking: /home/diego/ros2_ws/install/turtlesim/include/turtlesim/msg/detail/pose__rosidl_typesupport_fastrtps_c.h
-- Symlinking: /home/diego/ros2_ws/install/turtlesim/include/turtlesim/msg/rosidl_typesupport_fastrtps_c__visibility_control.h
-- Symlinking: /home/diego/ros2_ws/install/turtlesim/include/turtlesim/srv/detail/kill__rosidl_typesupport_fastrtps_c.h
-- Symlinking: /home/diego/ros2_ws/install/turtlesim/include/turtlesim/srv/detail/set_pen__rosidl_typesupport_fastrtps_c.h
-- Symlinking: /home/diego/ros2_ws/install/turtlesim/include/turtlesim/srv/detail/spawn__rosidl_typesupport_fastrtps_c.h
-- Symlinking: /home/diego/ros2_ws/install/turtlesim/include/turtlesim/srv/detail/teleport_absolute__rosidl_typesupport_fastrtps_c.h
-- Symlinking: /home/diego/ros2_ws/install/turtlesim/include/turtlesim/srv/detail/teleport_relative__rosidl_typesupport_fastrtps_c.h
-- Symlinking: /home/diego/ros2_ws/install/turtlesim/lib/libturtlesim__rosidl_typesupport_fastrtps_c.so
-- Symlinking: /home/diego/ros2_ws/install/turtlesim/include/turtlesim/action/detail/rotate_absolute__rosidl_typesupport_fastrtps_cpp.hpp
-- Symlinking: /home/diego/ros2_ws/install/turtlesim/include/turtlesim/msg/detail/color__rosidl_typesupport_fastrtps_cpp.hpp
-- Symlinking: /home/diego/ros2_ws/install/turtlesim/include/turtlesim/msg/detail/pose__rosidl_typesupport_fastrtps_cpp.hpp
-- Symlinking: /home/diego/ros2_ws/install/turtlesim/include/turtlesim/msg/rosidl_typesupport_fastrtps_cpp__visibility_control.h
-- Symlinking: /home/diego/ros2_ws/install/turtlesim/include/turtlesim/srv/detail/kill__rosidl_typesupport_fastrtps_cpp.hpp
-- Symlinking: /home/diego/ros2_ws/install/turtlesim/include/turtlesim/srv/detail/set_pen__rosidl_typesupport_fastrtps_cpp.hpp
-- Symlinking: /home/diego/ros2_ws/install/turtlesim/include/turtlesim/srv/detail/spawn__rosidl_typesupport_fastrtps_cpp.hpp
-- Symlinking: /home/diego/ros2_ws/install/turtlesim/include/turtlesim/srv/detail/teleport_absolute__rosidl_typesupport_fastrtps_cpp.hpp
-- Symlinking: /home/diego/ros2_ws/install/turtlesim/include/turtlesim/srv/detail/teleport_relative__rosidl_typesupport_fastrtps_cpp.hpp
-- Symlinking: /home/diego/ros2_ws/install/turtlesim/lib/libturtlesim__rosidl_typesupport_fastrtps_cpp.so
-- Symlinking: /home/diego/ros2_ws/install/turtlesim/include/turtlesim/action/detail/rotate_absolute__rosidl_typesupport_introspection_c.h
-- Symlinking: /home/diego/ros2_ws/install/turtlesim/include/turtlesim/msg/detail/color__rosidl_typesupport_introspection_c.h
-- Symlinking: /home/diego/ros2_ws/install/turtlesim/include/turtlesim/msg/detail/pose__rosidl_typesupport_introspection_c.h
-- Symlinking: /home/diego/ros2_ws/install/turtlesim/include/turtlesim/msg/rosidl_typesupport_introspection_c__visibility_control.h
-- Symlinking: /home/diego/ros2_ws/install/turtlesim/include/turtlesim/srv/detail/kill__rosidl_typesupport_introspection_c.h
-- Symlinking: /home/diego/ros2_ws/install/turtlesim/include/turtlesim/srv/detail/set_pen__rosidl_typesupport_introspection_c.h
-- Symlinking: /home/diego/ros2_ws/install/turtlesim/include/turtlesim/srv/detail/spawn__rosidl_typesupport_introspection_c.h
-- Symlinking: /home/diego/ros2_ws/install/turtlesim/include/turtlesim/srv/detail/teleport_absolute__rosidl_typesupport_introspection_c.h
-- Symlinking: /home/diego/ros2_ws/install/turtlesim/include/turtlesim/srv/detail/teleport_relative__rosidl_typesupport_introspection_c.h
-- Symlinking: /home/diego/ros2_ws/install/turtlesim/include/turtlesim/action/detail/rotate_absolute__builder.hpp
-- Symlinking: /home/diego/ros2_ws/install/turtlesim/include/turtlesim/action/detail/rotate_absolute__struct.hpp
-- Symlinking: /home/diego/ros2_ws/install/turtlesim/include/turtlesim/action/detail/rotate_absolute__traits.hpp
-- Symlinking: /home/diego/ros2_ws/install/turtlesim/include/turtlesim/action/detail/rotate_absolute__type_support.hpp
-- Symlinking: /home/diego/ros2_ws/install/turtlesim/include/turtlesim/action/rotate_absolute.hpp
-- Symlinking: /home/diego/ros2_ws/install/turtlesim/include/turtlesim/msg/color.hpp
-- Symlinking: /home/diego/ros2_ws/install/turtlesim/include/turtlesim/msg/detail/color__builder.hpp
-- Symlinking: /home/diego/ros2_ws/install/turtlesim/include/turtlesim/msg/detail/color__struct.hpp
-- Symlinking: /home/diego/ros2_ws/install/turtlesim/include/turtlesim/msg/detail/color__traits.hpp
-- Symlinking: /home/diego/ros2_ws/install/turtlesim/include/turtlesim/msg/detail/color__type_support.hpp
-- Symlinking: /home/diego/ros2_ws/install/turtlesim/include/turtlesim/msg/detail/pose__builder.hpp
-- Symlinking: /home/diego/ros2_ws/install/turtlesim/include/turtlesim/msg/detail/pose__struct.hpp
-- Symlinking: /home/diego/ros2_ws/install/turtlesim/include/turtlesim/msg/detail/pose__traits.hpp
-- Symlinking: /home/diego/ros2_ws/install/turtlesim/include/turtlesim/msg/detail/pose__type_support.hpp
-- Symlinking: /home/diego/ros2_ws/install/turtlesim/include/turtlesim/msg/pose.hpp
-- Symlinking: /home/diego/ros2_ws/install/turtlesim/include/turtlesim/msg/rosidl_generator_cpp__visibility_control.hpp
-- Symlinking: /home/diego/ros2_ws/install/turtlesim/include/turtlesim/srv/detail/kill__builder.hpp
-- Symlinking: /home/diego/ros2_ws/install/turtlesim/include/turtlesim/srv/detail/kill__struct.hpp
-- Symlinking: /home/diego/ros2_ws/install/turtlesim/include/turtlesim/srv/detail/kill__traits.hpp
-- Symlinking: /home/diego/ros2_ws/install/turtlesim/include/turtlesim/srv/detail/kill__type_support.hpp
-- Symlinking: /home/diego/ros2_ws/install/turtlesim/include/turtlesim/srv/detail/set_pen__builder.hpp
-- Symlinking: /home/diego/ros2_ws/install/turtlesim/include/turtlesim/srv/detail/set_pen__struct.hpp
-- Symlinking: /home/diego/ros2_ws/install/turtlesim/include/turtlesim/srv/detail/set_pen__traits.hpp
-- Symlinking: /home/diego/ros2_ws/install/turtlesim/include/turtlesim/srv/detail/set_pen__type_support.hpp
-- Symlinking: /home/diego/ros2_ws/install/turtlesim/include/turtlesim/srv/detail/spawn__builder.hpp
-- Symlinking: /home/diego/ros2_ws/install/turtlesim/include/turtlesim/srv/detail/spawn__struct.hpp
-- Symlinking: /home/diego/ros2_ws/install/turtlesim/include/turtlesim/srv/detail/spawn__traits.hpp
-- Symlinking: /home/diego/ros2_ws/install/turtlesim/include/turtlesim/srv/detail/spawn__type_support.hpp
-- Symlinking: /home/diego/ros2_ws/install/turtlesim/include/turtlesim/srv/detail/teleport_absolute__builder.hpp
-- Symlinking: /home/diego/ros2_ws/install/turtlesim/include/turtlesim/srv/detail/teleport_absolute__struct.hpp
-- Symlinking: /home/diego/ros2_ws/install/turtlesim/include/turtlesim/srv/detail/teleport_absolute__traits.hpp
-- Symlinking: /home/diego/ros2_ws/install/turtlesim/include/turtlesim/srv/detail/teleport_absolute__type_support.hpp
-- Symlinking: /home/diego/ros2_ws/install/turtlesim/include/turtlesim/srv/detail/teleport_relative__builder.hpp
-- Symlinking: /home/diego/ros2_ws/install/turtlesim/include/turtlesim/srv/detail/teleport_relative__struct.hpp
-- Symlinking: /home/diego/ros2_ws/install/turtlesim/include/turtlesim/srv/detail/teleport_relative__traits.hpp
-- Symlinking: /home/diego/ros2_ws/install/turtlesim/include/turtlesim/srv/detail/teleport_relative__type_support.hpp
-- Symlinking: /home/diego/ros2_ws/install/turtlesim/include/turtlesim/srv/kill.hpp
-- Symlinking: /home/diego/ros2_ws/install/turtlesim/include/turtlesim/srv/set_pen.hpp
-- Symlinking: /home/diego/ros2_ws/install/turtlesim/include/turtlesim/srv/spawn.hpp
-- Symlinking: /home/diego/ros2_ws/install/turtlesim/include/turtlesim/srv/teleport_absolute.hpp
-- Symlinking: /home/diego/ros2_ws/install/turtlesim/include/turtlesim/srv/teleport_relative.hpp
-- Symlinking: /home/diego/ros2_ws/install/turtlesim/include/turtlesim/action/detail/rotate_absolute__rosidl_typesupport_introspection_cpp.hpp
-- Symlinking: /home/diego/ros2_ws/install/turtlesim/include/turtlesim/msg/detail/color__rosidl_typesupport_introspection_cpp.hpp
-- Symlinking: /home/diego/ros2_ws/install/turtlesim/include/turtlesim/msg/detail/pose__rosidl_typesupport_introspection_cpp.hpp
-- Symlinking: /home/diego/ros2_ws/install/turtlesim/include/turtlesim/srv/detail/kill__rosidl_typesupport_introspection_cpp.hpp
-- Symlinking: /home/diego/ros2_ws/install/turtlesim/include/turtlesim/srv/detail/set_pen__rosidl_typesupport_introspection_cpp.hpp
-- Symlinking: /home/diego/ros2_ws/install/turtlesim/include/turtlesim/srv/detail/spawn__rosidl_typesupport_introspection_cpp.hpp
-- Symlinking: /home/diego/ros2_ws/install/turtlesim/include/turtlesim/srv/detail/teleport_absolute__rosidl_typesupport_introspection_cpp.hpp
-- Symlinking: /home/diego/ros2_ws/install/turtlesim/include/turtlesim/srv/detail/teleport_relative__rosidl_typesupport_introspection_cpp.hpp
-- Symlinking: /home/diego/ros2_ws/install/turtlesim/share/turtlesim/environment/pythonpath.sh
-- Symlinking: /home/diego/ros2_ws/install/turtlesim/share/turtlesim/environment/pythonpath.dsv
-- Symlinking: /home/diego/ros2_ws/install/turtlesim/lib/python3.8/site-packages/turtlesim/__init__.py
-- Symlinking: /home/diego/ros2_ws/install/turtlesim/lib/python3.8/site-packages/turtlesim/action/__init__.py
-- Symlinking: /home/diego/ros2_ws/install/turtlesim/lib/python3.8/site-packages/turtlesim/action/_rotate_absolute.py
-- Symlinking: /home/diego/ros2_ws/install/turtlesim/lib/python3.8/site-packages/turtlesim/msg/__init__.py
-- Symlinking: /home/diego/ros2_ws/install/turtlesim/lib/python3.8/site-packages/turtlesim/msg/_color.py
-- Symlinking: /home/diego/ros2_ws/install/turtlesim/lib/python3.8/site-packages/turtlesim/msg/_pose.py
-- Symlinking: /home/diego/ros2_ws/install/turtlesim/lib/python3.8/site-packages/turtlesim/srv/__init__.py
-- Symlinking: /home/diego/ros2_ws/install/turtlesim/lib/python3.8/site-packages/turtlesim/srv/_kill.py
-- Symlinking: /home/diego/ros2_ws/install/turtlesim/lib/python3.8/site-packages/turtlesim/srv/_set_pen.py
-- Symlinking: /home/diego/ros2_ws/install/turtlesim/lib/python3.8/site-packages/turtlesim/srv/_spawn.py
-- Symlinking: /home/diego/ros2_ws/install/turtlesim/lib/python3.8/site-packages/turtlesim/srv/_teleport_absolute.py
-- Symlinking: /home/diego/ros2_ws/install/turtlesim/lib/python3.8/site-packages/turtlesim/srv/_teleport_relative.py
-- Symlinking: /home/diego/ros2_ws/install/turtlesim/lib/python3.8/site-packages/turtlesim/turtlesim_s__rosidl_typesupport_fastrtps_c.cpython-38-x86_64-linux-gnu.so
-- Symlinking: /home/diego/ros2_ws/install/turtlesim/lib/python3.8/site-packages/turtlesim/turtlesim_s__rosidl_typesupport_introspection_c.cpython-38-x86_64-linux-gnu.so
-- Symlinking: /home/diego/ros2_ws/install/turtlesim/lib/python3.8/site-packages/turtlesim/turtlesim_s__rosidl_typesupport_c.cpython-38-x86_64-linux-gnu.so
-- Symlinking: /home/diego/ros2_ws/install/turtlesim/lib/libturtlesim__python.so
-- Symlinking: /home/diego/ros2_ws/install/turtlesim/share/turtlesim/action/RotateAbsolute.idl
-- Symlinking: /home/diego/ros2_ws/install/turtlesim/share/turtlesim/msg/Color.idl
-- Symlinking: /home/diego/ros2_ws/install/turtlesim/share/turtlesim/msg/Pose.idl
-- Symlinking: /home/diego/ros2_ws/install/turtlesim/share/turtlesim/srv/Kill.idl
-- Symlinking: /home/diego/ros2_ws/install/turtlesim/share/turtlesim/srv/SetPen.idl
-- Symlinking: /home/diego/ros2_ws/install/turtlesim/share/turtlesim/srv/Spawn.idl
-- Symlinking: /home/diego/ros2_ws/install/turtlesim/share/turtlesim/srv/TeleportAbsolute.idl
-- Symlinking: /home/diego/ros2_ws/install/turtlesim/share/turtlesim/srv/TeleportRelative.idl
-- Symlinking: /home/diego/ros2_ws/install/turtlesim/share/turtlesim/action/RotateAbsolute.action
-- Symlinking: /home/diego/ros2_ws/install/turtlesim/share/turtlesim/msg/Color.msg
-- Symlinking: /home/diego/ros2_ws/install/turtlesim/share/turtlesim/msg/Pose.msg
-- Symlinking: /home/diego/ros2_ws/install/turtlesim/share/turtlesim/srv/Kill.srv
-- Symlinking: /home/diego/ros2_ws/install/turtlesim/share/turtlesim/srv/Kill_Request.msg
-- Symlinking: /home/diego/ros2_ws/install/turtlesim/share/turtlesim/srv/Kill_Response.msg
-- Symlinking: /home/diego/ros2_ws/install/turtlesim/share/turtlesim/srv/SetPen.srv
-- Symlinking: /home/diego/ros2_ws/install/turtlesim/share/turtlesim/srv/SetPen_Request.msg
-- Symlinking: /home/diego/ros2_ws/install/turtlesim/share/turtlesim/srv/SetPen_Response.msg
-- Symlinking: /home/diego/ros2_ws/install/turtlesim/share/turtlesim/srv/Spawn.srv
-- Symlinking: /home/diego/ros2_ws/install/turtlesim/share/turtlesim/srv/Spawn_Request.msg
-- Symlinking: /home/diego/ros2_ws/install/turtlesim/share/turtlesim/srv/Spawn_Response.msg
-- Symlinking: /home/diego/ros2_ws/install/turtlesim/share/turtlesim/srv/TeleportAbsolute.srv
-- Symlinking: /home/diego/ros2_ws/install/turtlesim/share/turtlesim/srv/TeleportAbsolute_Request.msg
-- Symlinking: /home/diego/ros2_ws/install/turtlesim/share/turtlesim/srv/TeleportAbsolute_Response.msg
-- Symlinking: /home/diego/ros2_ws/install/turtlesim/share/turtlesim/srv/TeleportRelative.srv
-- Symlinking: /home/diego/ros2_ws/install/turtlesim/share/turtlesim/srv/TeleportRelative_Request.msg
-- Symlinking: /home/diego/ros2_ws/install/turtlesim/share/turtlesim/srv/TeleportRelative_Response.msg
-- Symlinking: /home/diego/ros2_ws/install/turtlesim/lib/turtlesim/turtlesim_node
-- Symlinking: /home/diego/ros2_ws/install/turtlesim/lib/turtlesim/turtle_teleop_key
-- Symlinking: /home/diego/ros2_ws/install/turtlesim/lib/turtlesim/draw_square
-- Symlinking: /home/diego/ros2_ws/install/turtlesim/lib/turtlesim/mimic
-- Symlinking: /home/diego/ros2_ws/install/turtlesim/share/turtlesim/launch/multisim.launch.py
-- Symlinking: /home/diego/ros2_ws/install/turtlesim/share/ament_index/resource_index/package_run_dependencies/turtlesim
-- Symlinking: /home/diego/ros2_ws/install/turtlesim/share/ament_index/resource_index/parent_prefix_path/turtlesim
-- Symlinking: /home/diego/ros2_ws/install/turtlesim/share/turtlesim/environment/ament_prefix_path.sh
-- Symlinking: /home/diego/ros2_ws/install/turtlesim/share/turtlesim/environment/ament_prefix_path.dsv
-- Symlinking: /home/diego/ros2_ws/install/turtlesim/share/turtlesim/environment/path.sh
-- Symlinking: /home/diego/ros2_ws/install/turtlesim/share/turtlesim/environment/path.dsv
-- Symlinking: /home/diego/ros2_ws/install/turtlesim/share/turtlesim/local_setup.bash
-- Symlinking: /home/diego/ros2_ws/install/turtlesim/share/turtlesim/local_setup.sh
-- Symlinking: /home/diego/ros2_ws/install/turtlesim/share/turtlesim/local_setup.zsh
-- Symlinking: /home/diego/ros2_ws/install/turtlesim/share/turtlesim/local_setup.dsv
-- Symlinking: /home/diego/ros2_ws/install/turtlesim/share/turtlesim/package.dsv
-- Symlinking: /home/diego/ros2_ws/install/turtlesim/share/ament_index/resource_index/packages/turtlesim
-- Symlinking: /home/diego/ros2_ws/install/turtlesim/share/turtlesim/cmake/rosidl_cmake-extras.cmake
-- Symlinking: /home/diego/ros2_ws/install/turtlesim/share/turtlesim/cmake/ament_cmake_export_dependencies-extras.cmake
-- Symlinking: /home/diego/ros2_ws/install/turtlesim/share/turtlesim/cmake/ament_cmake_export_libraries-extras.cmake
-- Symlinking: /home/diego/ros2_ws/install/turtlesim/share/turtlesim/cmake/ament_cmake_export_targets-extras.cmake
-- Symlinking: /home/diego/ros2_ws/install/turtlesim/share/turtlesim/cmake/ament_cmake_export_include_directories-extras.cmake
-- Symlinking: /home/diego/ros2_ws/install/turtlesim/share/turtlesim/cmake/rosidl_cmake_export_typesupport_libraries-extras.cmake
-- Symlinking: /home/diego/ros2_ws/install/turtlesim/share/turtlesim/cmake/rosidl_cmake_export_typesupport_targets-extras.cmake
-- Symlinking: /home/diego/ros2_ws/install/turtlesim/share/turtlesim/cmake/turtlesimConfig.cmake
-- Symlinking: /home/diego/ros2_ws/install/turtlesim/share/turtlesim/cmake/turtlesimConfig-version.cmake
-- Symlinking: /home/diego/ros2_ws/install/turtlesim/share/turtlesim/package.xml
-- Installing: /home/diego/ros2_ws/install/turtlesim/lib/libturtlesim__rosidl_generator_c.so
-- Set runtime path of "/home/diego/ros2_ws/install/turtlesim/lib/libturtlesim__rosidl_generator_c.so" to ""
-- Installing: /home/diego/ros2_ws/install/turtlesim/lib/libturtlesim__rosidl_typesupport_introspection_c.so
-- Set runtime path of "/home/diego/ros2_ws/install/turtlesim/lib/libturtlesim__rosidl_typesupport_introspection_c.so" to ""
-- Installing: /home/diego/ros2_ws/install/turtlesim/lib/libturtlesim__rosidl_typesupport_c.so
-- Set runtime path of "/home/diego/ros2_ws/install/turtlesim/lib/libturtlesim__rosidl_typesupport_c.so" to ""
-- Installing: /home/diego/ros2_ws/install/turtlesim/lib/libturtlesim__rosidl_typesupport_introspection_cpp.so
-- Set runtime path of "/home/diego/ros2_ws/install/turtlesim/lib/libturtlesim__rosidl_typesupport_introspection_cpp.so" to ""
-- Installing: /home/diego/ros2_ws/install/turtlesim/lib/libturtlesim__rosidl_typesupport_cpp.so
-- Set runtime path of "/home/diego/ros2_ws/install/turtlesim/lib/libturtlesim__rosidl_typesupport_cpp.so" to ""
Compiling '/home/diego/ros2_ws/install/turtlesim/lib/python3.8/site-packages/turtlesim/__init__.py'...
-- Installing: /home/diego/ros2_ws/install/turtlesim/share/turtlesim/images
-- Installing: /home/diego/ros2_ws/install/turtlesim/share/turtlesim/images/dashing.png
-- Installing: /home/diego/ros2_ws/install/turtlesim/share/turtlesim/images/bouncy.png
-- Installing: /home/diego/ros2_ws/install/turtlesim/share/turtlesim/images/crystal.png
-- Installing: /home/diego/ros2_ws/install/turtlesim/share/turtlesim/images/eloquent.png
-- Installing: /home/diego/ros2_ws/install/turtlesim/share/turtlesim/images/ardent.png
-- Installing: /home/diego/ros2_ws/install/turtlesim/share/turtlesim/images/foxy.png
-- Installing: /home/diego/ros2_ws/install/turtlesim/share/turtlesim/cmake/turtlesim__rosidl_generator_cExport.cmake
-- Installing: /home/diego/ros2_ws/install/turtlesim/share/turtlesim/cmake/turtlesim__rosidl_generator_cExport-noconfig.cmake
-- Installing: /home/diego/ros2_ws/install/turtlesim/share/turtlesim/cmake/turtlesim__rosidl_typesupport_introspection_cExport.cmake
-- Installing: /home/diego/ros2_ws/install/turtlesim/share/turtlesim/cmake/turtlesim__rosidl_typesupport_introspection_cExport-noconfig.cmake
-- Installing: /home/diego/ros2_ws/install/turtlesim/share/turtlesim/cmake/turtlesim__rosidl_typesupport_cExport.cmake
-- Installing: /home/diego/ros2_ws/install/turtlesim/share/turtlesim/cmake/turtlesim__rosidl_typesupport_cExport-noconfig.cmake
-- Installing: /home/diego/ros2_ws/install/turtlesim/share/turtlesim/cmake/turtlesim__rosidl_generator_cppExport.cmake
-- Installing: /home/diego/ros2_ws/install/turtlesim/share/turtlesim/cmake/turtlesim__rosidl_typesupport_introspection_cppExport.cmake
-- Installing: /home/diego/ros2_ws/install/turtlesim/share/turtlesim/cmake/turtlesim__rosidl_typesupport_introspection_cppExport-noconfig.cmake
-- Installing: /home/diego/ros2_ws/install/turtlesim/share/turtlesim/cmake/turtlesim__rosidl_typesupport_cppExport.cmake
-- Installing: /home/diego/ros2_ws/install/turtlesim/share/turtlesim/cmake/turtlesim__rosidl_typesupport_cppExport-noconfig.cmake
