[0.824s] Invoking command in '/home/diego/ros2_ws/build/turtlebot3_node': CMAKE_PREFIX_PATH=/home/diego/ros2_ws/install/turtlebot3_msgs:/home/diego/ros2_ws/install/turtlesim:/home/diego/ros2_ws/install/turtlebot3:/home/diego/ros2_ws/install/turtlebot3_simulations:/home/diego/ros2_ws/install/turtlebot3_bringup:/home/diego/ros2_ws/install/turtlebot3_node:/home/diego/ros2_ws/install/turtlebot3_navigation2:/home/diego/ros2_ws/install/turtlebot3_fake_node:/home/diego/ros2_ws/install/turtlebot3_gazebo:/home/diego/ros2_ws/install/turtlebot3_description:/home/diego/ros2_ws/install/turtlebot3_cartographer:/home/diego/ros2_ws/install/examples_rclcpp_multithreaded_executor:/home/diego/ros2_ws/install/examples_rclcpp_minimal_timer:/home/diego/ros2_ws/install/examples_rclcpp_minimal_subscriber:/home/diego/ros2_ws/install/examples_rclcpp_minimal_service:/home/diego/ros2_ws/install/examples_rclcpp_minimal_publisher:/home/diego/ros2_ws/install/examples_rclcpp_minimal_composition:/home/diego/ros2_ws/install/examples_rclcpp_minimal_client:/home/diego/ros2_ws/install/examples_rclcpp_minimal_action_server:/home/diego/ros2_ws/install/examples_rclcpp_minimal_action_client:/home/diego/ros2_ws/install/dynamixel_sdk_examples:/home/diego/ros2_ws/install/dynamixel_sdk_custom_interfaces:/home/diego/ros2_ws/install/dynamixel_sdk:/home/diego/ros2_ws/install/turtlebot3_teleop:/home/diego/ros2_ws/install/turtlebot3_example:/home/diego/ros2_ws/install/guardado_movimientos_paquete:/home/diego/ros2_ws/install/examples_rclpy_minimal_subscriber:/home/diego/ros2_ws/install/examples_rclpy_minimal_service:/home/diego/ros2_ws/install/examples_rclpy_minimal_publisher:/home/diego/ros2_ws/install/examples_rclpy_minimal_client:/home/diego/ros2_ws/install/examples_rclpy_minimal_action_server:/home/diego/ros2_ws/install/examples_rclpy_minimal_action_client:/home/diego/ros2_ws/install/examples_rclpy_executors:/opt/ros/foxy LD_LIBRARY_PATH=/home/diego/ros2_ws/install/turtlebot3_msgs/lib:/home/diego/ros2_ws/install/turtlesim/lib:/home/diego/ros2_ws/install/examples_rclcpp_minimal_composition/lib:/home/diego/ros2_ws/install/dynamixel_sdk_custom_interfaces/lib:/home/diego/ros2_ws/install/dynamixel_sdk/lib:/usr/lib/x86_64-linux-gnu/gazebo-11/plugins:/opt/ros/foxy/opt/yaml_cpp_vendor/lib:/opt/ros/foxy/opt/rviz_ogre_vendor/lib:/opt/ros/foxy/lib/x86_64-linux-gnu:/opt/ros/foxy/lib PYTHONPATH=/home/diego/ros2_ws/install/turtlebot3_msgs/lib/python3.8/site-packages:/home/diego/ros2_ws/install/turtlesim/lib/python3.8/site-packages:/home/diego/ros2_ws/build/turtlebot3_teleop:/home/diego/ros2_ws/install/turtlebot3_teleop/lib/python3.8/site-packages:/home/diego/ros2_ws/build/turtlebot3_example:/home/diego/ros2_ws/install/turtlebot3_example/lib/python3.8/site-packages:/home/diego/ros2_ws/build/guardado_movimientos_paquete:/home/diego/ros2_ws/install/guardado_movimientos_paquete/lib/python3.8/site-packages:/home/diego/ros2_ws/build/examples_rclpy_minimal_subscriber:/home/diego/ros2_ws/install/examples_rclpy_minimal_subscriber/lib/python3.8/site-packages:/home/diego/ros2_ws/build/examples_rclpy_minimal_service:/home/diego/ros2_ws/install/examples_rclpy_minimal_service/lib/python3.8/site-packages:/home/diego/ros2_ws/build/examples_rclpy_minimal_publisher:/home/diego/ros2_ws/install/examples_rclpy_minimal_publisher/lib/python3.8/site-packages:/home/diego/ros2_ws/build/examples_rclpy_minimal_client:/home/diego/ros2_ws/install/examples_rclpy_minimal_client/lib/python3.8/site-packages:/home/diego/ros2_ws/build/examples_rclpy_minimal_action_server:/home/diego/ros2_ws/install/examples_rclpy_minimal_action_server/lib/python3.8/site-packages:/home/diego/ros2_ws/build/examples_rclpy_minimal_action_client:/home/diego/ros2_ws/install/examples_rclpy_minimal_action_client/lib/python3.8/site-packages:/home/diego/ros2_ws/build/examples_rclpy_executors:/home/diego/ros2_ws/install/examples_rclpy_executors/lib/python3.8/site-packages:/home/diego/ros2_ws/install/dynamixel_sdk_custom_interfaces/lib/python3.8/site-packages:/opt/ros/foxy/lib/python3.8/site-packages /usr/bin/cmake /home/diego/ros2_ws/src/turtlebot3/turtlebot3_node -DAMENT_CMAKE_SYMLINK_INSTALL=1 -DCMAKE_INSTALL_PREFIX=/home/diego/ros2_ws/install/turtlebot3_node
[1.446s] -- The C compiler identification is GNU 9.4.0
[1.446s] -- The CXX compiler identification is GNU 9.4.0
[1.446s] -- Check for working C compiler: /usr/bin/cc
[1.446s] -- Check for working C compiler: /usr/bin/cc -- works
[1.447s] -- Detecting C compiler ABI info
[1.447s] -- Detecting C compiler ABI info - done
[1.447s] -- Detecting C compile features
[1.447s] -- Detecting C compile features - done
[1.447s] -- Check for working CXX compiler: /usr/bin/c++
[1.591s] -- Check for working CXX compiler: /usr/bin/c++ -- works
[1.591s] -- Detecting CXX compiler ABI info
[1.817s] -- Detecting CXX compiler ABI info - done
[1.836s] -- Detecting CXX compile features
[1.837s] -- Detecting CXX compile features - done
[1.844s] -- Found ament_cmake: 0.9.12 (/opt/ros/foxy/share/ament_cmake/cmake)
[1.907s] -- Found PythonInterp: /usr/bin/python3 (found suitable version "3.8.10", minimum required is "3") 
[1.907s] -- Using PYTHON_EXECUTABLE: /usr/bin/python3
[2.227s] -- Override CMake install command with custom implementation using symlinks instead of copying resources
[2.287s] CMake Error at CMakeLists.txt:19 (find_package):
[2.287s]   By not providing "Finddynamixel_sdk.cmake" in CMAKE_MODULE_PATH this
[2.287s]   project has asked CMake to find a package configuration file provided by
[2.287s]   "dynamixel_sdk", but CMake did not find one.
[2.287s] 
[2.287s]   Could not find a package configuration file provided by "dynamixel_sdk"
[2.288s]   with any of the following names:
[2.288s] 
[2.288s]     dynamixel_sdkConfig.cmake
[2.288s]     dynamixel_sdk-config.cmake
[2.288s] 
[2.288s]   Add the installation prefix of "dynamixel_sdk" to CMAKE_PREFIX_PATH or set
[2.288s]   "dynamixel_sdk_DIR" to a directory containing one of the above files.  If
[2.288s]   "dynamixel_sdk" provides a separate development package or SDK, be sure it
[2.288s]   has been installed.
[2.289s] 
[2.289s] 
[2.289s] -- Configuring incomplete, errors occurred!
[2.289s] See also "/home/diego/ros2_ws/build/turtlebot3_node/CMakeFiles/CMakeOutput.log".
[2.305s] Invoked command in '/home/diego/ros2_ws/build/turtlebot3_node' returned '1': CMAKE_PREFIX_PATH=/home/diego/ros2_ws/install/turtlebot3_msgs:/home/diego/ros2_ws/install/turtlesim:/home/diego/ros2_ws/install/turtlebot3:/home/diego/ros2_ws/install/turtlebot3_simulations:/home/diego/ros2_ws/install/turtlebot3_bringup:/home/diego/ros2_ws/install/turtlebot3_node:/home/diego/ros2_ws/install/turtlebot3_navigation2:/home/diego/ros2_ws/install/turtlebot3_fake_node:/home/diego/ros2_ws/install/turtlebot3_gazebo:/home/diego/ros2_ws/install/turtlebot3_description:/home/diego/ros2_ws/install/turtlebot3_cartographer:/home/diego/ros2_ws/install/examples_rclcpp_multithreaded_executor:/home/diego/ros2_ws/install/examples_rclcpp_minimal_timer:/home/diego/ros2_ws/install/examples_rclcpp_minimal_subscriber:/home/diego/ros2_ws/install/examples_rclcpp_minimal_service:/home/diego/ros2_ws/install/examples_rclcpp_minimal_publisher:/home/diego/ros2_ws/install/examples_rclcpp_minimal_composition:/home/diego/ros2_ws/install/examples_rclcpp_minimal_client:/home/diego/ros2_ws/install/examples_rclcpp_minimal_action_server:/home/diego/ros2_ws/install/examples_rclcpp_minimal_action_client:/home/diego/ros2_ws/install/dynamixel_sdk_examples:/home/diego/ros2_ws/install/dynamixel_sdk_custom_interfaces:/home/diego/ros2_ws/install/dynamixel_sdk:/home/diego/ros2_ws/install/turtlebot3_teleop:/home/diego/ros2_ws/install/turtlebot3_example:/home/diego/ros2_ws/install/guardado_movimientos_paquete:/home/diego/ros2_ws/install/examples_rclpy_minimal_subscriber:/home/diego/ros2_ws/install/examples_rclpy_minimal_service:/home/diego/ros2_ws/install/examples_rclpy_minimal_publisher:/home/diego/ros2_ws/install/examples_rclpy_minimal_client:/home/diego/ros2_ws/install/examples_rclpy_minimal_action_server:/home/diego/ros2_ws/install/examples_rclpy_minimal_action_client:/home/diego/ros2_ws/install/examples_rclpy_executors:/opt/ros/foxy LD_LIBRARY_PATH=/home/diego/ros2_ws/install/turtlebot3_msgs/lib:/home/diego/ros2_ws/install/turtlesim/lib:/home/diego/ros2_ws/install/examples_rclcpp_minimal_composition/lib:/home/diego/ros2_ws/install/dynamixel_sdk_custom_interfaces/lib:/home/diego/ros2_ws/install/dynamixel_sdk/lib:/usr/lib/x86_64-linux-gnu/gazebo-11/plugins:/opt/ros/foxy/opt/yaml_cpp_vendor/lib:/opt/ros/foxy/opt/rviz_ogre_vendor/lib:/opt/ros/foxy/lib/x86_64-linux-gnu:/opt/ros/foxy/lib PYTHONPATH=/home/diego/ros2_ws/install/turtlebot3_msgs/lib/python3.8/site-packages:/home/diego/ros2_ws/install/turtlesim/lib/python3.8/site-packages:/home/diego/ros2_ws/build/turtlebot3_teleop:/home/diego/ros2_ws/install/turtlebot3_teleop/lib/python3.8/site-packages:/home/diego/ros2_ws/build/turtlebot3_example:/home/diego/ros2_ws/install/turtlebot3_example/lib/python3.8/site-packages:/home/diego/ros2_ws/build/guardado_movimientos_paquete:/home/diego/ros2_ws/install/guardado_movimientos_paquete/lib/python3.8/site-packages:/home/diego/ros2_ws/build/examples_rclpy_minimal_subscriber:/home/diego/ros2_ws/install/examples_rclpy_minimal_subscriber/lib/python3.8/site-packages:/home/diego/ros2_ws/build/examples_rclpy_minimal_service:/home/diego/ros2_ws/install/examples_rclpy_minimal_service/lib/python3.8/site-packages:/home/diego/ros2_ws/build/examples_rclpy_minimal_publisher:/home/diego/ros2_ws/install/examples_rclpy_minimal_publisher/lib/python3.8/site-packages:/home/diego/ros2_ws/build/examples_rclpy_minimal_client:/home/diego/ros2_ws/install/examples_rclpy_minimal_client/lib/python3.8/site-packages:/home/diego/ros2_ws/build/examples_rclpy_minimal_action_server:/home/diego/ros2_ws/install/examples_rclpy_minimal_action_server/lib/python3.8/site-packages:/home/diego/ros2_ws/build/examples_rclpy_minimal_action_client:/home/diego/ros2_ws/install/examples_rclpy_minimal_action_client/lib/python3.8/site-packages:/home/diego/ros2_ws/build/examples_rclpy_executors:/home/diego/ros2_ws/install/examples_rclpy_executors/lib/python3.8/site-packages:/home/diego/ros2_ws/install/dynamixel_sdk_custom_interfaces/lib/python3.8/site-packages:/opt/ros/foxy/lib/python3.8/site-packages /usr/bin/cmake /home/diego/ros2_ws/src/turtlebot3/turtlebot3_node -DAMENT_CMAKE_SYMLINK_INSTALL=1 -DCMAKE_INSTALL_PREFIX=/home/diego/ros2_ws/install/turtlebot3_node
