[0.861s] Invoking command in '/home/diego/ros2_ws/build/turtlebot3_fake_node': CMAKE_PREFIX_PATH=/home/diego/ros2_ws/install/turtlebot3_msgs:/home/diego/ros2_ws/install/turtlesim:/home/diego/ros2_ws/install/turtlebot3:/home/diego/ros2_ws/install/turtlebot3_simulations:/home/diego/ros2_ws/install/turtlebot3_bringup:/home/diego/ros2_ws/install/turtlebot3_node:/home/diego/ros2_ws/install/turtlebot3_navigation2:/home/diego/ros2_ws/install/turtlebot3_fake_node:/home/diego/ros2_ws/install/turtlebot3_gazebo:/home/diego/ros2_ws/install/turtlebot3_description:/home/diego/ros2_ws/install/turtlebot3_cartographer:/home/diego/ros2_ws/install/examples_rclcpp_multithreaded_executor:/home/diego/ros2_ws/install/examples_rclcpp_minimal_timer:/home/diego/ros2_ws/install/examples_rclcpp_minimal_subscriber:/home/diego/ros2_ws/install/examples_rclcpp_minimal_service:/home/diego/ros2_ws/install/examples_rclcpp_minimal_publisher:/home/diego/ros2_ws/install/examples_rclcpp_minimal_composition:/home/diego/ros2_ws/install/examples_rclcpp_minimal_client:/home/diego/ros2_ws/install/examples_rclcpp_minimal_action_server:/home/diego/ros2_ws/install/examples_rclcpp_minimal_action_client:/home/diego/ros2_ws/install/dynamixel_sdk_examples:/home/diego/ros2_ws/install/dynamixel_sdk_custom_interfaces:/home/diego/ros2_ws/install/dynamixel_sdk:/home/diego/ros2_ws/install/turtlebot3_teleop:/home/diego/ros2_ws/install/turtlebot3_example:/home/diego/ros2_ws/install/guardado_movimientos_paquete:/home/diego/ros2_ws/install/examples_rclpy_minimal_subscriber:/home/diego/ros2_ws/install/examples_rclpy_minimal_service:/home/diego/ros2_ws/install/examples_rclpy_minimal_publisher:/home/diego/ros2_ws/install/examples_rclpy_minimal_client:/home/diego/ros2_ws/install/examples_rclpy_minimal_action_server:/home/diego/ros2_ws/install/examples_rclpy_minimal_action_client:/home/diego/ros2_ws/install/examples_rclpy_executors:/opt/ros/foxy LD_LIBRARY_PATH=/home/diego/ros2_ws/install/turtlebot3_msgs/lib:/home/diego/ros2_ws/install/turtlesim/lib:/home/diego/ros2_ws/install/examples_rclcpp_minimal_composition/lib:/home/diego/ros2_ws/install/dynamixel_sdk_custom_interfaces/lib:/home/diego/ros2_ws/install/dynamixel_sdk/lib:/usr/lib/x86_64-linux-gnu/gazebo-11/plugins:/opt/ros/foxy/opt/yaml_cpp_vendor/lib:/opt/ros/foxy/opt/rviz_ogre_vendor/lib:/opt/ros/foxy/lib/x86_64-linux-gnu:/opt/ros/foxy/lib PYTHONPATH=/home/diego/ros2_ws/install/turtlebot3_msgs/lib/python3.8/site-packages:/home/diego/ros2_ws/install/turtlesim/lib/python3.8/site-packages:/home/diego/ros2_ws/build/turtlebot3_teleop:/home/diego/ros2_ws/install/turtlebot3_teleop/lib/python3.8/site-packages:/home/diego/ros2_ws/build/turtlebot3_example:/home/diego/ros2_ws/install/turtlebot3_example/lib/python3.8/site-packages:/home/diego/ros2_ws/build/guardado_movimientos_paquete:/home/diego/ros2_ws/install/guardado_movimientos_paquete/lib/python3.8/site-packages:/home/diego/ros2_ws/build/examples_rclpy_minimal_subscriber:/home/diego/ros2_ws/install/examples_rclpy_minimal_subscriber/lib/python3.8/site-packages:/home/diego/ros2_ws/build/examples_rclpy_minimal_service:/home/diego/ros2_ws/install/examples_rclpy_minimal_service/lib/python3.8/site-packages:/home/diego/ros2_ws/build/examples_rclpy_minimal_publisher:/home/diego/ros2_ws/install/examples_rclpy_minimal_publisher/lib/python3.8/site-packages:/home/diego/ros2_ws/build/examples_rclpy_minimal_client:/home/diego/ros2_ws/install/examples_rclpy_minimal_client/lib/python3.8/site-packages:/home/diego/ros2_ws/build/examples_rclpy_minimal_action_server:/home/diego/ros2_ws/install/examples_rclpy_minimal_action_server/lib/python3.8/site-packages:/home/diego/ros2_ws/build/examples_rclpy_minimal_action_client:/home/diego/ros2_ws/install/examples_rclpy_minimal_action_client/lib/python3.8/site-packages:/home/diego/ros2_ws/build/examples_rclpy_executors:/home/diego/ros2_ws/install/examples_rclpy_executors/lib/python3.8/site-packages:/home/diego/ros2_ws/install/dynamixel_sdk_custom_interfaces/lib/python3.8/site-packages:/opt/ros/foxy/lib/python3.8/site-packages /usr/bin/cmake /home/diego/ros2_ws/src/turtlebot3_simulations/turtlebot3_fake_node -DAMENT_CMAKE_SYMLINK_INSTALL=1 -DCMAKE_INSTALL_PREFIX=/home/diego/ros2_ws/install/turtlebot3_fake_node
[1.008s] -- The C compiler identification is GNU 9.4.0
[1.116s] -- The CXX compiler identification is GNU 9.4.0
[1.127s] -- Check for working C compiler: /usr/bin/cc
[1.308s] -- Check for working C compiler: /usr/bin/cc -- works
[1.313s] -- Detecting C compiler ABI info
[1.547s] -- Detecting C compiler ABI info - done
[1.575s] -- Detecting C compile features
[1.576s] -- Detecting C compile features - done
[1.583s] -- Check for working CXX compiler: /usr/bin/c++
[1.812s] -- Check for working CXX compiler: /usr/bin/c++ -- works
[1.814s] -- Detecting CXX compiler ABI info
[2.050s] -- Detecting CXX compiler ABI info - done
[2.080s] -- Detecting CXX compile features
[2.080s] -- Detecting CXX compile features - done
[2.091s] -- Found ament_cmake: 0.9.12 (/opt/ros/foxy/share/ament_cmake/cmake)
[2.158s] -- Found PythonInterp: /usr/bin/python3 (found suitable version "3.8.10", minimum required is "3") 
[2.158s] -- Using PYTHON_EXECUTABLE: /usr/bin/python3
[2.510s] -- Override CMake install command with custom implementation using symlinks instead of copying resources
[2.572s] -- Found geometry_msgs: 2.0.5 (/opt/ros/foxy/share/geometry_msgs/cmake)
[2.632s] -- Using all available rosidl_typesupport_c: rosidl_typesupport_fastrtps_c;rosidl_typesupport_introspection_c
[2.647s] -- Found rosidl_adapter: 1.3.1 (/opt/ros/foxy/share/rosidl_adapter/cmake)
[2.777s] -- Found OpenSSL: /usr/lib/x86_64-linux-gnu/libcrypto.so (found version "1.1.1f")  
[2.830s] -- Found FastRTPS: /opt/ros/foxy/include  
[2.975s] -- Using all available rosidl_typesupport_cpp: rosidl_typesupport_fastrtps_cpp;rosidl_typesupport_introspection_cpp
[3.141s] -- Found nav_msgs: 2.0.5 (/opt/ros/foxy/share/nav_msgs/cmake)
[3.284s] -- Found rclcpp: 2.4.3 (/opt/ros/foxy/share/rclcpp/cmake)
[3.371s] -- Found rmw_implementation_cmake: 1.0.4 (/opt/ros/foxy/share/rmw_implementation_cmake/cmake)
[3.376s] -- Using RMW implementation 'rmw_fastrtps_cpp' as default
[3.378s] -- Looking for pthread.h
[3.499s] -- Looking for pthread.h - found
[3.499s] -- Performing Test CMAKE_HAVE_LIBC_PTHREAD
[3.606s] -- Performing Test CMAKE_HAVE_LIBC_PTHREAD - Failed
[3.606s] -- Looking for pthread_create in pthreads
[3.677s] -- Looking for pthread_create in pthreads - not found
[3.677s] -- Looking for pthread_create in pthread
[3.786s] -- Looking for pthread_create in pthread - found
[3.788s] -- Found Threads: TRUE  
[4.026s] -- Found sensor_msgs: 2.0.5 (/opt/ros/foxy/share/sensor_msgs/cmake)
[4.132s] -- Found tf2: 0.13.14 (/opt/ros/foxy/share/tf2/cmake)
[4.148s] -- Found tf2_msgs: 0.13.14 (/opt/ros/foxy/share/tf2_msgs/cmake)
[4.388s] -- Found turtlebot3_msgs: 2.2.1 (/home/diego/ros2_ws/install/turtlebot3_msgs/share/turtlebot3_msgs/cmake)
[4.582s] -- Configuring done
[4.604s] -- Generating done
[4.607s] -- Build files have been written to: /home/diego/ros2_ws/build/turtlebot3_fake_node
